#
# There is insufficient memory for the Java Runtime Environment to continue.
# Native memory allocation (malloc) failed to allocate 1152496 bytes. Error detail: Chunk::new
# Possible reasons:
#   The system is out of physical RAM or swap space
#   This process is running with CompressedOops enabled, and the Java Heap may be blocking the growth of the native heap
# Possible solutions:
#   Reduce memory load on the system
#   Increase physical memory or swap space
#   Check if swap backing store is full
#   Decrease Java heap size (-Xmx/-Xms)
#   Decrease number of Java threads
#   Decrease Java thread stack sizes (-Xss)
#   Set larger code cache with -XX:ReservedCodeCacheSize=
#   JVM is running with Unscaled Compressed Oops mode in which the Java heap is
#     placed in the first 4GB address space. The Java Heap base address is the
#     maximum limit for the native heap growth. Please use -XX:HeapBaseMinAddress
#     to set the Java Heap base and to place the Java Heap above 4GB virtual address.
# This output file may be truncated or incomplete.
#
#  Out of Memory Error (arena.cpp:168), pid=2612, tid=22576
#
# JRE version: OpenJDK Runtime Environment Temurin-21.0.6+7 (21.0.6+7) (build 21.0.6+7-LTS)
# Java VM: OpenJDK 64-Bit Server VM Temurin-21.0.6+7 (21.0.6+7-LTS, mixed mode, sharing, tiered, compressed oops, compressed class ptrs, parallel gc, windows-amd64)
# No core dump will be written. Minidumps are not enabled by default on client versions of Windows
#

---------------  S U M M A R Y ------------

Command Line: --add-modules=ALL-SYSTEM --add-opens=java.base/java.util=ALL-UNNAMED --add-opens=java.base/java.lang=ALL-UNNAMED --add-opens=java.base/sun.nio.fs=ALL-UNNAMED -Declipse.application=org.eclipse.jdt.ls.core.id1 -Dosgi.bundles.defaultStartLevel=4 -Declipse.product=org.eclipse.jdt.ls.core.product -Djava.import.generatesMetadataFilesAtProjectRoot=false -DDetectVMInstallationsJob.disabled=true -Dfile.encoding=utf8 -XX:+UseParallelGC -XX:GCTimeRatio=4 -XX:AdaptiveSizePolicyWeight=90 -Dsun.zip.disableMemoryMapping=true -Xmx1G -Xms100m -Xlog:disable -javaagent:c:\Users\acer\.vscode\extensions\redhat.java-1.40.0-win32-x64\lombok\lombok-1.18.36.jar -XX:+HeapDumpOnOutOfMemoryError -XX:HeapDumpPath=c:\Users\acer\AppData\Roaming\Code\User\workspaceStorage\7d7a6dfd88779ba70d34c0ba246b529e\redhat.java -Daether.dependencyCollector.impl=bf c:\Users\acer\.vscode\extensions\redhat.java-1.40.0-win32-x64\server\plugins\org.eclipse.equinox.launcher_1.6.1000.v20250131-0606.jar -configuration c:\Users\acer\AppData\Roaming\Code\User\globalStorage\redhat.java\1.40.0\config_win -data c:\Users\acer\AppData\Roaming\Code\User\workspaceStorage\7d7a6dfd88779ba70d34c0ba246b529e\redhat.java\jdt_ws --pipe=\\.\pipe\lsp-55489f485fb5de337576fd0b992003fa-sock

Host: AMD Ryzen 5 5600H with Radeon Graphics         , 12 cores, 7G,  Windows 11 , 64 bit Build 22621 (10.0.22621.4830)
Time: Wed Mar 12 04:37:15 2025 SE Asia Standard Time elapsed time: 7407.491261 seconds (0d 2h 3m 27s)

---------------  T H R E A D  ---------------

Current thread (0x000002a510a6fb10):  JavaThread "C2 CompilerThread0" daemon [_thread_in_native, id=22576, stack(0x000000edbd300000,0x000000edbd400000) (1024K)]


Current CompileTask:
C2:7407491 26559       4       org.eclipse.jdt.internal.compiler.lookup.BinaryTypeBinding::createMethod (1724 bytes)

Stack: [0x000000edbd300000,0x000000edbd400000]
Native frames: (J=compiled Java code, j=interpreted, Vv=VM code, C=native code)
V  [jvm.dll+0x6cdee9]
V  [jvm.dll+0x8a83d1]
V  [jvm.dll+0x8aa8fe]
V  [jvm.dll+0x8aafe3]
V  [jvm.dll+0x27f706]
V  [jvm.dll+0xc500d]
V  [jvm.dll+0xc5543]
V  [jvm.dll+0x3b6752]
V  [jvm.dll+0x1e0009]
V  [jvm.dll+0x247b42]
V  [jvm.dll+0x246fcf]
V  [jvm.dll+0x1c75ee]
V  [jvm.dll+0x25685a]
V  [jvm.dll+0x254dfa]
V  [jvm.dll+0x3f0256]
V  [jvm.dll+0x851f8b]
V  [jvm.dll+0x6cc5ed]
C  [ucrtbase.dll+0x29333]
C  [KERNEL32.DLL+0x1259d]
C  [ntdll.dll+0x5af38]


---------------  P R O C E S S  ---------------

Threads class SMR info:
_java_thread_list=0x000002a578ceb900, length=56, elements={
0x000002a5109c4670, 0x000002a510a5f3a0, 0x000002a510a60aa0, 0x000002a510a639a0,
0x000002a510a64ac0, 0x000002a510a664a0, 0x000002a510a6e6e0, 0x000002a510a6fb10,
0x000002a510a71320, 0x000002a56731fbe0, 0x000002a567320900, 0x000002a567320f90,
0x000002a567320270, 0x000002a56731db10, 0x000002a56731e1a0, 0x000002a56731e830,
0x000002a56731eec0, 0x000002a5689b7940, 0x000002a5689b8660, 0x000002a5689b9a10,
0x000002a5689bce90, 0x000002a5689badc0, 0x000002a5689ba730, 0x000002a5689ba0a0,
0x000002a5689bb450, 0x000002a5689bc170, 0x000002a5689bc800, 0x000002a5689b72b0,
0x000002a5689b5f00, 0x000002a5689bd520, 0x000002a5689b9380, 0x000002a56f576da0,
0x000002a56f5759f0, 0x000002a56f577430, 0x000002a56f575360, 0x000002a56f576080,
0x000002a579711080, 0x000002a5797165d0, 0x000002a579715220, 0x000002a579712430,
0x000002a579713e70, 0x000002a56f578150, 0x000002a579714b90, 0x000002a5689b6590,
0x000002a56f574cd0, 0x000002a579715f40, 0x000002a579711710, 0x000002a579713150,
0x000002a57970efb0, 0x000002a5797137e0, 0x000002a57970f640, 0x000002a56f577ac0,
0x000002a56f579500, 0x000002a56f57a8b0, 0x000002a56f576710, 0x000002a5689bbae0
}

Java Threads: ( => current thread )
  0x000002a5109c4670 JavaThread "main"                              [_thread_blocked, id=21552, stack(0x000000edbc900000,0x000000edbca00000) (1024K)]
  0x000002a510a5f3a0 JavaThread "Reference Handler"          daemon [_thread_blocked, id=12204, stack(0x000000edbcd00000,0x000000edbce00000) (1024K)]
  0x000002a510a60aa0 JavaThread "Finalizer"                  daemon [_thread_blocked, id=23484, stack(0x000000edbce00000,0x000000edbcf00000) (1024K)]
  0x000002a510a639a0 JavaThread "Signal Dispatcher"          daemon [_thread_blocked, id=13548, stack(0x000000edbcf00000,0x000000edbd000000) (1024K)]
  0x000002a510a64ac0 JavaThread "Attach Listener"            daemon [_thread_blocked, id=23244, stack(0x000000edbd000000,0x000000edbd100000) (1024K)]
  0x000002a510a664a0 JavaThread "Service Thread"             daemon [_thread_blocked, id=21980, stack(0x000000edbd100000,0x000000edbd200000) (1024K)]
  0x000002a510a6e6e0 JavaThread "Monitor Deflation Thread"   daemon [_thread_blocked, id=9172, stack(0x000000edbd200000,0x000000edbd300000) (1024K)]
=>0x000002a510a6fb10 JavaThread "C2 CompilerThread0"         daemon [_thread_in_native, id=22576, stack(0x000000edbd300000,0x000000edbd400000) (1024K)]
  0x000002a510a71320 JavaThread "C1 CompilerThread0"         daemon [_thread_blocked, id=18028, stack(0x000000edbd400000,0x000000edbd500000) (1024K)]
  0x000002a56731fbe0 JavaThread "Common-Cleaner"             daemon [_thread_blocked, id=21832, stack(0x000000edbd500000,0x000000edbd600000) (1024K)]
  0x000002a567320900 JavaThread "Notification Thread"        daemon [_thread_blocked, id=18696, stack(0x000000edbd600000,0x000000edbd700000) (1024K)]
  0x000002a567320f90 JavaThread "Active Thread: Equinox Container: 8142fdd6-261c-47e2-8e50-735e10859df2"        [_thread_blocked, id=22944, stack(0x000000edbde00000,0x000000edbdf00000) (1024K)]
  0x000002a567320270 JavaThread "Refresh Thread: Equinox Container: 8142fdd6-261c-47e2-8e50-735e10859df2" daemon [_thread_blocked, id=16580, stack(0x000000edbdd00000,0x000000edbde00000) (1024K)]
  0x000002a56731db10 JavaThread "Framework Event Dispatcher: Equinox Container: 8142fdd6-261c-47e2-8e50-735e10859df2" daemon [_thread_blocked, id=3804, stack(0x000000edbe000000,0x000000edbe100000) (1024K)]
  0x000002a56731e1a0 JavaThread "Start Level: Equinox Container: 8142fdd6-261c-47e2-8e50-735e10859df2" daemon [_thread_blocked, id=22776, stack(0x000000edbe100000,0x000000edbe200000) (1024K)]
  0x000002a56731e830 JavaThread "Bundle File Closer"         daemon [_thread_blocked, id=22640, stack(0x000000edbe200000,0x000000edbe300000) (1024K)]
  0x000002a56731eec0 JavaThread "SCR Component Actor"        daemon [_thread_blocked, id=21004, stack(0x000000edbe500000,0x000000edbe600000) (1024K)]
  0x000002a5689b7940 JavaThread "Worker-JM"                         [_thread_blocked, id=22768, stack(0x000000edbe800000,0x000000edbe900000) (1024K)]
  0x000002a5689b8660 JavaThread "JNA Cleaner"                daemon [_thread_blocked, id=22416, stack(0x000000edbe900000,0x000000edbea00000) (1024K)]
  0x000002a5689b9a10 JavaThread "Java indexing"              daemon [_thread_blocked, id=5136, stack(0x000000edbed00000,0x000000edbee00000) (1024K)]
  0x000002a5689bce90 JavaThread "Thread-2"                   daemon [_thread_in_native, id=7532, stack(0x000000edbf100000,0x000000edbf200000) (1024K)]
  0x000002a5689badc0 JavaThread "Thread-3"                   daemon [_thread_in_native, id=10556, stack(0x000000edbf200000,0x000000edbf300000) (1024K)]
  0x000002a5689ba730 JavaThread "Thread-4"                   daemon [_thread_in_native, id=20364, stack(0x000000edbf300000,0x000000edbf400000) (1024K)]
  0x000002a5689ba0a0 JavaThread "Thread-5"                   daemon [_thread_in_native, id=9696, stack(0x000000edbf400000,0x000000edbf500000) (1024K)]
  0x000002a5689bb450 JavaThread "Thread-6"                   daemon [_thread_in_native, id=13932, stack(0x000000edbf500000,0x000000edbf600000) (1024K)]
  0x000002a5689bc170 JavaThread "Thread-7"                   daemon [_thread_in_native, id=23096, stack(0x000000edbf600000,0x000000edbf700000) (1024K)]
  0x000002a5689bc800 JavaThread "Thread-8"                   daemon [_thread_in_native, id=11036, stack(0x000000edbf700000,0x000000edbf800000) (1024K)]
  0x000002a5689b72b0 JavaThread "Thread-9"                   daemon [_thread_in_native, id=14380, stack(0x000000edbf800000,0x000000edbf900000) (1024K)]
  0x000002a5689b5f00 JavaThread "Thread-10"                  daemon [_thread_in_native, id=19116, stack(0x000000edbf900000,0x000000edbfa00000) (1024K)]
  0x000002a5689bd520 JavaThread "Thread-11"                  daemon [_thread_in_native, id=12100, stack(0x000000edbfa00000,0x000000edbfb00000) (1024K)]
  0x000002a5689b9380 JavaThread "Thread-12"                  daemon [_thread_in_native, id=23088, stack(0x000000edbfb00000,0x000000edbfc00000) (1024K)]
  0x000002a56f576da0 JavaThread "Thread-13"                  daemon [_thread_in_native, id=23308, stack(0x000000edbfc00000,0x000000edbfd00000) (1024K)]
  0x000002a56f5759f0 JavaThread "Thread-14"                  daemon [_thread_in_native, id=20240, stack(0x000000edbfd00000,0x000000edbfe00000) (1024K)]
  0x000002a56f577430 JavaThread "pool-2-thread-1"                   [_thread_blocked, id=9556, stack(0x000000edbfe00000,0x000000edbff00000) (1024K)]
  0x000002a56f575360 JavaThread "WorkspaceEventsHandler"            [_thread_blocked, id=21152, stack(0x000000edbff00000,0x000000edc0000000) (1024K)]
  0x000002a56f576080 JavaThread "pool-1-thread-1"                   [_thread_in_Java, id=14772, stack(0x000000edc0000000,0x000000edc0100000) (1024K)]
  0x000002a579711080 JavaThread "Java Debug Server"          daemon [_thread_in_native, id=16908, stack(0x000000edbc700000,0x000000edbc800000) (1024K)]
  0x000002a5797165d0 JavaThread "pool-5-thread-1"                   [_thread_in_native, id=18812, stack(0x000000edbc800000,0x000000edbc900000) (1024K)]
  0x000002a579715220 JavaThread "RxSchedulerPurge-1"         daemon [_thread_blocked, id=5228, stack(0x000000edbea00000,0x000000edbeb00000) (1024K)]
  0x000002a579712430 JavaThread "RxCachedWorkerPoolEvictor-1" daemon [_thread_blocked, id=14768, stack(0x000000edbeb00000,0x000000edbec00000) (1024K)]
  0x000002a579713e70 JavaThread "process reaper (pid 4456)"  daemon [_thread_in_native, id=23624, stack(0x000000edbc320000,0x000000edbc340000) (128K)]
  0x000002a56f578150 JavaThread "Cleaner-0"                  daemon [_thread_blocked, id=24920, stack(0x000000edc0100000,0x000000edc0200000) (1024K)]
  0x000002a579714b90 JavaThread "Worker-10"                         [_thread_blocked, id=6288, stack(0x000000edbe700000,0x000000edbe800000) (1024K)]
  0x000002a5689b6590 JavaThread "Worker-11"                         [_thread_blocked, id=13200, stack(0x000000edc0c00000,0x000000edc0d00000) (1024K)]
  0x000002a56f574cd0 JavaThread "RxNewThreadScheduler-5"     daemon [_thread_blocked, id=6732, stack(0x000000edbec00000,0x000000edbed00000) (1024K)]
  0x000002a579715f40 JavaThread "ForkJoinPool.commonPool-worker-39" daemon [_thread_blocked, id=11936, stack(0x000000edbc600000,0x000000edbc700000) (1024K)]
  0x000002a579711710 JavaThread "ForkJoinPool.commonPool-worker-40" daemon [_thread_blocked, id=14756, stack(0x000000edbe600000,0x000000edbe700000) (1024K)]
  0x000002a579713150 JavaThread "ForkJoinPool.commonPool-worker-41" daemon [_thread_blocked, id=15080, stack(0x000000edbee00000,0x000000edbef00000) (1024K)]
  0x000002a57970efb0 JavaThread "ForkJoinPool.commonPool-worker-42" daemon [_thread_blocked, id=23448, stack(0x000000edbef00000,0x000000edbf000000) (1024K)]
  0x000002a5797137e0 JavaThread "ForkJoinPool.commonPool-worker-43" daemon [_thread_blocked, id=11428, stack(0x000000edbf000000,0x000000edbf100000) (1024K)]
  0x000002a57970f640 JavaThread "ForkJoinPool.commonPool-worker-44" daemon [_thread_blocked, id=15552, stack(0x000000edc0200000,0x000000edc0300000) (1024K)]
  0x000002a56f577ac0 JavaThread "ForkJoinPool.commonPool-worker-45" daemon [_thread_blocked, id=2348, stack(0x000000edc0300000,0x000000edc0400000) (1024K)]
  0x000002a56f579500 JavaThread "ForkJoinPool.commonPool-worker-46" daemon [_thread_blocked, id=23504, stack(0x000000edc0400000,0x000000edc0500000) (1024K)]
  0x000002a56f57a8b0 JavaThread "ForkJoinPool.commonPool-worker-48" daemon [_thread_blocked, id=26072, stack(0x000000edc0500000,0x000000edc0600000) (1024K)]
  0x000002a56f576710 JavaThread "ForkJoinPool.commonPool-worker-47" daemon [_thread_blocked, id=23812, stack(0x000000edc0600000,0x000000edc0700000) (1024K)]
  0x000002a5689bbae0 JavaThread "ForkJoinPool.commonPool-worker-49" daemon [_thread_blocked, id=10600, stack(0x000000edc0700000,0x000000edc0800000) (1024K)]
Total: 56

Other Threads:
  0x000002a524d94b50 VMThread "VM Thread"                           [id=22836, stack(0x000000edbcc00000,0x000000edbcd00000) (1024K)]
  0x000002a524c8ca00 WatcherThread "VM Periodic Task Thread"        [id=22580, stack(0x000000edbcb00000,0x000000edbcc00000) (1024K)]
  0x000002a5109e2aa0 WorkerThread "GC Thread#0"                     [id=13920, stack(0x000000edbca00000,0x000000edbcb00000) (1024K)]
  0x000002a5685aa140 WorkerThread "GC Thread#1"                     [id=8408, stack(0x000000edbd700000,0x000000edbd800000) (1024K)]
  0x000002a5685aa4e0 WorkerThread "GC Thread#2"                     [id=6424, stack(0x000000edbd800000,0x000000edbd900000) (1024K)]
  0x000002a568398f20 WorkerThread "GC Thread#3"                     [id=11592, stack(0x000000edbd900000,0x000000edbda00000) (1024K)]
  0x000002a5683992c0 WorkerThread "GC Thread#4"                     [id=4436, stack(0x000000edbda00000,0x000000edbdb00000) (1024K)]
  0x000002a568399660 WorkerThread "GC Thread#5"                     [id=23364, stack(0x000000edbdb00000,0x000000edbdc00000) (1024K)]
  0x000002a56833f730 WorkerThread "GC Thread#6"                     [id=12140, stack(0x000000edbdc00000,0x000000edbdd00000) (1024K)]
  0x000002a5686e73a0 WorkerThread "GC Thread#7"                     [id=20788, stack(0x000000edbdf00000,0x000000edbe000000) (1024K)]
  0x000002a56d0ee270 WorkerThread "GC Thread#8"                     [id=19548, stack(0x000000edbe300000,0x000000edbe400000) (1024K)]
  0x000002a56d0ee610 WorkerThread "GC Thread#9"                     [id=5348, stack(0x000000edbe400000,0x000000edbe500000) (1024K)]
Total: 12

Threads with active compile tasks:
C2 CompilerThread0  7407550 26559       4       org.eclipse.jdt.internal.compiler.lookup.BinaryTypeBinding::createMethod (1724 bytes)
Total: 1

VM state: not at safepoint (normal execution)

VM Mutex/Monitor currently owned by a thread: None

Heap address: 0x00000000c0000000, size: 1024 MB, Compressed Oops mode: 32-bit

CDS archive(s) mapped at: [0x000002a525000000-0x000002a525ba0000-0x000002a525ba0000), size 12189696, SharedBaseAddress: 0x000002a525000000, ArchiveRelocationMode: 1.
Compressed class space mapped at: 0x000002a526000000-0x000002a566000000, reserved size: 1073741824
Narrow klass base: 0x000002a525000000, Narrow klass shift: 0, Narrow klass range: 0x100000000

GC Precious Log:
 CardTable entry size: 512
 CPUs: 12 total, 12 available
 Memory: 7532M
 Large Page Support: Disabled
 NUMA Support: Disabled
 Compressed Oops: Enabled (32-bit)
 Alignments: Space 512K, Generation 512K, Heap 2M
 Heap Min Capacity: 100M
 Heap Initial Capacity: 100M
 Heap Max Capacity: 1G
 Pre-touch: Disabled
 Parallel Workers: 10

Heap:
 PSYoungGen      total 8192K, used 1336K [0x00000000eab00000, 0x00000000eb800000, 0x0000000100000000)
  eden space 7168K, 4% used [0x00000000eab00000,0x00000000eab4f2a8,0x00000000eb200000)
  from space 1024K, 99% used [0x00000000eb200000,0x00000000eb2feef8,0x00000000eb300000)
  to   space 3072K, 0% used [0x00000000eb500000,0x00000000eb500000,0x00000000eb800000)
 ParOldGen       total 389632K, used 389328K [0x00000000c0000000, 0x00000000d7c80000, 0x00000000eab00000)
  object space 389632K, 99% used [0x00000000c0000000,0x00000000d7c34060,0x00000000d7c80000)
 Metaspace       used 85626K, committed 87360K, reserved 1179648K
  class space    used 8365K, committed 9216K, reserved 1048576K

Card table byte_map: [0x000002a510360000,0x000002a510570000] _byte_map_base: 0x000002a50fd60000

Marking Bits: (ParMarkBitMap*) 0x00007ff920633260
 Begin Bits: [0x000002a522bb0000, 0x000002a523bb0000)
 End Bits:   [0x000002a523bb0000, 0x000002a524bb0000)

Polling page: 0x000002a50e7e0000

Metaspace:

Usage:
  Non-class:     75.45 MB used.
      Class:      8.17 MB used.
       Both:     83.62 MB used.

Virtual space:
  Non-class space:      128.00 MB reserved,      76.31 MB ( 60%) committed,  2 nodes.
      Class space:        1.00 GB reserved,       9.00 MB ( <1%) committed,  1 nodes.
             Both:        1.12 GB reserved,      85.31 MB (  7%) committed. 

Chunk freelists:
   Non-Class:  3.62 MB
       Class:  7.10 MB
        Both:  10.72 MB

MaxMetaspaceSize: unlimited
CompressedClassSpaceSize: 1.00 GB
Initial GC threshold: 21.00 MB
Current GC threshold: 139.62 MB
CDS: on
 - commit_granule_bytes: 65536.
 - commit_granule_words: 8192.
 - virtual_space_node_default_size: 8388608.
 - enlarge_chunks_in_place: 1.
 - use_allocation_guard: 0.


Internal statistics:

num_allocs_failed_limit: 9.
num_arena_births: 1952.
num_arena_deaths: 566.
num_vsnodes_births: 3.
num_vsnodes_deaths: 0.
num_space_committed: 1365.
num_space_uncommitted: 0.
num_chunks_returned_to_freelist: 694.
num_chunks_taken_from_freelist: 6521.
num_chunk_merges: 205.
num_chunk_splits: 3723.
num_chunks_enlarged: 1991.
num_inconsistent_stats: 0.

CodeHeap 'non-profiled nmethods': size=120000Kb used=20668Kb max_used=20668Kb free=99331Kb
 bounds [0x000002a51b680000, 0x000002a51cab0000, 0x000002a522bb0000]
CodeHeap 'profiled nmethods': size=120000Kb used=46088Kb max_used=46088Kb free=73911Kb
 bounds [0x000002a513bb0000, 0x000002a5168c0000, 0x000002a51b0e0000]
CodeHeap 'non-nmethods': size=5760Kb used=1509Kb max_used=1576Kb free=4250Kb
 bounds [0x000002a51b0e0000, 0x000002a51b350000, 0x000002a51b680000]
 total_blobs=20702 nmethods=19871 adapters=733
 compilation: enabled
              stopped_count=0, restarted_count=0
 full_count=0

Compilation events (20 events):
Event: 7407.392 Thread 0x000002a510a71320 26731       3       org.eclipse.jdt.ls.core.internal.contentassist.SortTextHelper::computeSortText (184 bytes)
Event: 7407.393 Thread 0x000002a510a71320 nmethod 26731 0x000002a5168ac810 code [0x000002a5168acbe0, 0x000002a5168ae380]
Event: 7407.393 Thread 0x000002a510a71320 26732       3       org.eclipse.jdt.ls.core.internal.contentassist.SortTextHelper::convertRelevance (28 bytes)
Event: 7407.393 Thread 0x000002a510a71320 nmethod 26732 0x000002a5168ae990 code [0x000002a5168aeb60, 0x000002a5168aee80]
Event: 7407.393 Thread 0x000002a510a71320 26733       3       org.eclipse.lsp4j.InsertReplaceRange::equals (97 bytes)
Event: 7407.394 Thread 0x000002a510a71320 nmethod 26733 0x000002a5168af010 code [0x000002a5168af220, 0x000002a5168af830]
Event: 7407.394 Thread 0x000002a510a71320 26734       3       org.eclipse.jdt.ls.core.internal.handlers.CompletionRankingAggregation::getDecorators (36 bytes)
Event: 7407.395 Thread 0x000002a510a71320 nmethod 26734 0x000002a5168afa10 code [0x000002a5168afc40, 0x000002a5168b0468]
Event: 7407.395 Thread 0x000002a510a71320 26736       3       java.util.stream.Collectors$$Lambda/0x000002a5263f7740::get (8 bytes)
Event: 7407.395 Thread 0x000002a510a71320 nmethod 26736 0x000002a5168b0710 code [0x000002a5168b08c0, 0x000002a5168b0ac8]
Event: 7407.396 Thread 0x000002a510a71320 26737       3       java.util.stream.Collectors$$Lambda/0x000002a5263f7da8::apply (8 bytes)
Event: 7407.396 Thread 0x000002a510a71320 nmethod 26737 0x000002a5168b0b90 code [0x000002a5168b0d60, 0x000002a5168b10c0]
Event: 7407.396 Thread 0x000002a510a71320 26740       3       org.eclipse.jdt.ls.core.internal.contentassist.CompletionProposalDescriptionProvider::setLabelDetails (47 bytes)
Event: 7407.396 Thread 0x000002a510a71320 nmethod 26740 0x000002a5168b1210 code [0x000002a5168b1420, 0x000002a5168b1a38]
Event: 7407.396 Thread 0x000002a510a71320 26741       3       org.eclipse.lsp4j.CompletionItemLabelDetails::<init> (5 bytes)
Event: 7407.396 Thread 0x000002a510a71320 nmethod 26741 0x000002a5168b1d10 code [0x000002a5168b1ec0, 0x000002a5168b2028]
Event: 7407.396 Thread 0x000002a510a71320 26729       3       org.eclipse.jdt.ls.core.internal.contentassist.CompletionProposalDescriptionProvider::updateDescription (346 bytes)
Event: 7407.399 Thread 0x000002a510a71320 nmethod 26729 0x000002a5168b2110 code [0x000002a5168b2680, 0x000002a5168b4a10]
Event: 7407.399 Thread 0x000002a510a71320 26718       3       org.eclipse.jdt.ls.core.internal.contentassist.CompletionProposalDescriptionProvider::createTypeProposalLabel (135 bytes)
Event: 7407.400 Thread 0x000002a510a71320 nmethod 26718 0x000002a5168b5490 code [0x000002a5168b5780, 0x000002a5168b6600]

GC Heap History (20 events):
Event: 7406.491 GC heap before
{Heap before GC invocations=3276 (full 6):
 PSYoungGen      total 8192K, used 7203K [0x00000000eab00000, 0x00000000eb400000, 0x0000000100000000)
  eden space 7168K, 92% used [0x00000000eab00000,0x00000000eb178d78,0x00000000eb200000)
  from space 1024K, 56% used [0x00000000eb200000,0x00000000eb290000,0x00000000eb300000)
  to   space 1024K, 0% used [0x00000000eb300000,0x00000000eb300000,0x00000000eb400000)
 ParOldGen       total 385024K, used 384714K [0x00000000c0000000, 0x00000000d7800000, 0x00000000eab00000)
  object space 385024K, 99% used [0x00000000c0000000,0x00000000d77b2bb8,0x00000000d7800000)
 Metaspace       used 85355K, committed 87040K, reserved 1179648K
  class space    used 8343K, committed 9216K, reserved 1048576K
}
Event: 7406.493 GC heap after
{Heap after GC invocations=3276 (full 6):
 PSYoungGen      total 7680K, used 320K [0x00000000eab00000, 0x00000000eb380000, 0x0000000100000000)
  eden space 7168K, 0% used [0x00000000eab00000,0x00000000eab00000,0x00000000eb200000)
  from space 512K, 62% used [0x00000000eb300000,0x00000000eb350000,0x00000000eb380000)
  to   space 512K, 0% used [0x00000000eb280000,0x00000000eb280000,0x00000000eb300000)
 ParOldGen       total 385536K, used 385138K [0x00000000c0000000, 0x00000000d7880000, 0x00000000eab00000)
  object space 385536K, 99% used [0x00000000c0000000,0x00000000d781cbc8,0x00000000d7880000)
 Metaspace       used 85355K, committed 87040K, reserved 1179648K
  class space    used 8343K, committed 9216K, reserved 1048576K
}
Event: 7406.546 GC heap before
{Heap before GC invocations=3277 (full 6):
 PSYoungGen      total 7680K, used 7377K [0x00000000eab00000, 0x00000000eb380000, 0x0000000100000000)
  eden space 7168K, 98% used [0x00000000eab00000,0x00000000eb1e4588,0x00000000eb200000)
  from space 512K, 62% used [0x00000000eb300000,0x00000000eb350000,0x00000000eb380000)
  to   space 512K, 0% used [0x00000000eb280000,0x00000000eb280000,0x00000000eb300000)
 ParOldGen       total 385536K, used 385138K [0x00000000c0000000, 0x00000000d7880000, 0x00000000eab00000)
  object space 385536K, 99% used [0x00000000c0000000,0x00000000d781cbc8,0x00000000d7880000)
 Metaspace       used 85355K, committed 87040K, reserved 1179648K
  class space    used 8343K, committed 9216K, reserved 1048576K
}
Event: 7406.548 GC heap after
{Heap after GC invocations=3277 (full 6):
 PSYoungGen      total 7680K, used 256K [0x00000000eab00000, 0x00000000eb380000, 0x0000000100000000)
  eden space 7168K, 0% used [0x00000000eab00000,0x00000000eab00000,0x00000000eb200000)
  from space 512K, 50% used [0x00000000eb280000,0x00000000eb2c0000,0x00000000eb300000)
  to   space 512K, 0% used [0x00000000eb300000,0x00000000eb300000,0x00000000eb380000)
 ParOldGen       total 385536K, used 385266K [0x00000000c0000000, 0x00000000d7880000, 0x00000000eab00000)
  object space 385536K, 99% used [0x00000000c0000000,0x00000000d783cbc8,0x00000000d7880000)
 Metaspace       used 85355K, committed 87040K, reserved 1179648K
  class space    used 8343K, committed 9216K, reserved 1048576K
}
Event: 7406.613 GC heap before
{Heap before GC invocations=3278 (full 6):
 PSYoungGen      total 7680K, used 7424K [0x00000000eab00000, 0x00000000eb380000, 0x0000000100000000)
  eden space 7168K, 100% used [0x00000000eab00000,0x00000000eb200000,0x00000000eb200000)
  from space 512K, 50% used [0x00000000eb280000,0x00000000eb2c0000,0x00000000eb300000)
  to   space 512K, 0% used [0x00000000eb300000,0x00000000eb300000,0x00000000eb380000)
 ParOldGen       total 385536K, used 385266K [0x00000000c0000000, 0x00000000d7880000, 0x00000000eab00000)
  object space 385536K, 99% used [0x00000000c0000000,0x00000000d783cbc8,0x00000000d7880000)
 Metaspace       used 85355K, committed 87040K, reserved 1179648K
  class space    used 8343K, committed 9216K, reserved 1048576K
}
Event: 7406.615 GC heap after
{Heap after GC invocations=3278 (full 6):
 PSYoungGen      total 7680K, used 480K [0x00000000eab00000, 0x00000000eb400000, 0x0000000100000000)
  eden space 7168K, 0% used [0x00000000eab00000,0x00000000eab00000,0x00000000eb200000)
  from space 512K, 93% used [0x00000000eb300000,0x00000000eb378000,0x00000000eb380000)
  to   space 1024K, 0% used [0x00000000eb200000,0x00000000eb200000,0x00000000eb300000)
 ParOldGen       total 385536K, used 385426K [0x00000000c0000000, 0x00000000d7880000, 0x00000000eab00000)
  object space 385536K, 99% used [0x00000000c0000000,0x00000000d7864bc8,0x00000000d7880000)
 Metaspace       used 85355K, committed 87040K, reserved 1179648K
  class space    used 8343K, committed 9216K, reserved 1048576K
}
Event: 7406.658 GC heap before
{Heap before GC invocations=3279 (full 6):
 PSYoungGen      total 7680K, used 7604K [0x00000000eab00000, 0x00000000eb400000, 0x0000000100000000)
  eden space 7168K, 99% used [0x00000000eab00000,0x00000000eb1f50c8,0x00000000eb200000)
  from space 512K, 93% used [0x00000000eb300000,0x00000000eb378000,0x00000000eb380000)
  to   space 1024K, 0% used [0x00000000eb200000,0x00000000eb200000,0x00000000eb300000)
 ParOldGen       total 385536K, used 385426K [0x00000000c0000000, 0x00000000d7880000, 0x00000000eab00000)
  object space 385536K, 99% used [0x00000000c0000000,0x00000000d7864bc8,0x00000000d7880000)
 Metaspace       used 85355K, committed 87040K, reserved 1179648K
  class space    used 8343K, committed 9216K, reserved 1048576K
}
Event: 7406.660 GC heap after
{Heap after GC invocations=3279 (full 6):
 PSYoungGen      total 8192K, used 416K [0x00000000eab00000, 0x00000000eb380000, 0x0000000100000000)
  eden space 7168K, 0% used [0x00000000eab00000,0x00000000eab00000,0x00000000eb200000)
  from space 1024K, 40% used [0x00000000eb200000,0x00000000eb268000,0x00000000eb300000)
  to   space 512K, 0% used [0x00000000eb300000,0x00000000eb300000,0x00000000eb380000)
 ParOldGen       total 386048K, used 385738K [0x00000000c0000000, 0x00000000d7900000, 0x00000000eab00000)
  object space 386048K, 99% used [0x00000000c0000000,0x00000000d78b2bc8,0x00000000d7900000)
 Metaspace       used 85355K, committed 87040K, reserved 1179648K
  class space    used 8343K, committed 9216K, reserved 1048576K
}
Event: 7406.709 GC heap before
{Heap before GC invocations=3280 (full 6):
 PSYoungGen      total 8192K, used 7573K [0x00000000eab00000, 0x00000000eb380000, 0x0000000100000000)
  eden space 7168K, 99% used [0x00000000eab00000,0x00000000eb1fd518,0x00000000eb200000)
  from space 1024K, 40% used [0x00000000eb200000,0x00000000eb268000,0x00000000eb300000)
  to   space 512K, 0% used [0x00000000eb300000,0x00000000eb300000,0x00000000eb380000)
 ParOldGen       total 386048K, used 385738K [0x00000000c0000000, 0x00000000d7900000, 0x00000000eab00000)
  object space 386048K, 99% used [0x00000000c0000000,0x00000000d78b2bc8,0x00000000d7900000)
 Metaspace       used 85355K, committed 87040K, reserved 1179648K
  class space    used 8343K, committed 9216K, reserved 1048576K
}
Event: 7406.711 GC heap after
{Heap after GC invocations=3280 (full 6):
 PSYoungGen      total 7680K, used 512K [0x00000000eab00000, 0x00000000eb400000, 0x0000000100000000)
  eden space 7168K, 0% used [0x00000000eab00000,0x00000000eab00000,0x00000000eb200000)
  from space 512K, 100% used [0x00000000eb300000,0x00000000eb380000,0x00000000eb380000)
  to   space 1024K, 0% used [0x00000000eb200000,0x00000000eb200000,0x00000000eb300000)
 ParOldGen       total 386048K, used 386026K [0x00000000c0000000, 0x00000000d7900000, 0x00000000eab00000)
  object space 386048K, 99% used [0x00000000c0000000,0x00000000d78fabc8,0x00000000d7900000)
 Metaspace       used 85355K, committed 87040K, reserved 1179648K
  class space    used 8343K, committed 9216K, reserved 1048576K
}
Event: 7406.791 GC heap before
{Heap before GC invocations=3281 (full 6):
 PSYoungGen      total 7680K, used 7680K [0x00000000eab00000, 0x00000000eb400000, 0x0000000100000000)
  eden space 7168K, 100% used [0x00000000eab00000,0x00000000eb200000,0x00000000eb200000)
  from space 512K, 100% used [0x00000000eb300000,0x00000000eb380000,0x00000000eb380000)
  to   space 1024K, 0% used [0x00000000eb200000,0x00000000eb200000,0x00000000eb300000)
 ParOldGen       total 386048K, used 386026K [0x00000000c0000000, 0x00000000d7900000, 0x00000000eab00000)
  object space 386048K, 99% used [0x00000000c0000000,0x00000000d78fabc8,0x00000000d7900000)
 Metaspace       used 85357K, committed 87040K, reserved 1179648K
  class space    used 8343K, committed 9216K, reserved 1048576K
}
Event: 7406.794 GC heap after
{Heap after GC invocations=3281 (full 6):
 PSYoungGen      total 8192K, used 469K [0x00000000eab00000, 0x00000000eb400000, 0x0000000100000000)
  eden space 7168K, 0% used [0x00000000eab00000,0x00000000eab00000,0x00000000eb200000)
  from space 1024K, 45% used [0x00000000eb200000,0x00000000eb275400,0x00000000eb300000)
  to   space 1024K, 0% used [0x00000000eb300000,0x00000000eb300000,0x00000000eb400000)
 ParOldGen       total 386560K, used 386434K [0x00000000c0000000, 0x00000000d7980000, 0x00000000eab00000)
  object space 386560K, 99% used [0x00000000c0000000,0x00000000d7960bc8,0x00000000d7980000)
 Metaspace       used 85357K, committed 87040K, reserved 1179648K
  class space    used 8343K, committed 9216K, reserved 1048576K
}
Event: 7406.894 GC heap before
{Heap before GC invocations=3282 (full 6):
 PSYoungGen      total 8192K, used 7637K [0x00000000eab00000, 0x00000000eb400000, 0x0000000100000000)
  eden space 7168K, 100% used [0x00000000eab00000,0x00000000eb200000,0x00000000eb200000)
  from space 1024K, 45% used [0x00000000eb200000,0x00000000eb275400,0x00000000eb300000)
  to   space 1024K, 0% used [0x00000000eb300000,0x00000000eb300000,0x00000000eb400000)
 ParOldGen       total 386560K, used 386434K [0x00000000c0000000, 0x00000000d7980000, 0x00000000eab00000)
  object space 386560K, 99% used [0x00000000c0000000,0x00000000d7960bc8,0x00000000d7980000)
 Metaspace       used 85358K, committed 87040K, reserved 1179648K
  class space    used 8343K, committed 9216K, reserved 1048576K
}
Event: 7406.896 GC heap after
{Heap after GC invocations=3282 (full 6):
 PSYoungGen      total 8192K, used 512K [0x00000000eab00000, 0x00000000eb400000, 0x0000000100000000)
  eden space 7168K, 0% used [0x00000000eab00000,0x00000000eab00000,0x00000000eb200000)
  from space 1024K, 50% used [0x00000000eb300000,0x00000000eb380000,0x00000000eb400000)
  to   space 1024K, 0% used [0x00000000eb200000,0x00000000eb200000,0x00000000eb300000)
 ParOldGen       total 387072K, used 386708K [0x00000000c0000000, 0x00000000d7a00000, 0x00000000eab00000)
  object space 387072K, 99% used [0x00000000c0000000,0x00000000d79a53c8,0x00000000d7a00000)
 Metaspace       used 85358K, committed 87040K, reserved 1179648K
  class space    used 8343K, committed 9216K, reserved 1048576K
}
Event: 7406.963 GC heap before
{Heap before GC invocations=3283 (full 6):
 PSYoungGen      total 8192K, used 7680K [0x00000000eab00000, 0x00000000eb400000, 0x0000000100000000)
  eden space 7168K, 100% used [0x00000000eab00000,0x00000000eb200000,0x00000000eb200000)
  from space 1024K, 50% used [0x00000000eb300000,0x00000000eb380000,0x00000000eb400000)
  to   space 1024K, 0% used [0x00000000eb200000,0x00000000eb200000,0x00000000eb300000)
 ParOldGen       total 387072K, used 386708K [0x00000000c0000000, 0x00000000d7a00000, 0x00000000eab00000)
  object space 387072K, 99% used [0x00000000c0000000,0x00000000d79a53c8,0x00000000d7a00000)
 Metaspace       used 85377K, committed 87104K, reserved 1179648K
  class space    used 8344K, committed 9216K, reserved 1048576K
}
Event: 7406.966 GC heap after
{Heap after GC invocations=3283 (full 6):
 PSYoungGen      total 8192K, used 777K [0x00000000eab00000, 0x00000000eb400000, 0x0000000100000000)
  eden space 7168K, 0% used [0x00000000eab00000,0x00000000eab00000,0x00000000eb200000)
  from space 1024K, 75% used [0x00000000eb200000,0x00000000eb2c2400,0x00000000eb300000)
  to   space 1024K, 0% used [0x00000000eb300000,0x00000000eb300000,0x00000000eb400000)
 ParOldGen       total 387072K, used 387044K [0x00000000c0000000, 0x00000000d7a00000, 0x00000000eab00000)
  object space 387072K, 99% used [0x00000000c0000000,0x00000000d79f93c8,0x00000000d7a00000)
 Metaspace       used 85377K, committed 87104K, reserved 1179648K
  class space    used 8344K, committed 9216K, reserved 1048576K
}
Event: 7407.011 GC heap before
{Heap before GC invocations=3284 (full 6):
 PSYoungGen      total 8192K, used 7945K [0x00000000eab00000, 0x00000000eb400000, 0x0000000100000000)
  eden space 7168K, 100% used [0x00000000eab00000,0x00000000eb200000,0x00000000eb200000)
  from space 1024K, 75% used [0x00000000eb200000,0x00000000eb2c2400,0x00000000eb300000)
  to   space 1024K, 0% used [0x00000000eb300000,0x00000000eb300000,0x00000000eb400000)
 ParOldGen       total 387072K, used 387044K [0x00000000c0000000, 0x00000000d7a00000, 0x00000000eab00000)
  object space 387072K, 99% used [0x00000000c0000000,0x00000000d79f93c8,0x00000000d7a00000)
 Metaspace       used 85379K, committed 87104K, reserved 1179648K
  class space    used 8344K, committed 9216K, reserved 1048576K
}
Event: 7407.013 GC heap after
{Heap after GC invocations=3284 (full 6):
 PSYoungGen      total 8192K, used 832K [0x00000000eab00000, 0x00000000eb400000, 0x0000000100000000)
  eden space 7168K, 0% used [0x00000000eab00000,0x00000000eab00000,0x00000000eb200000)
  from space 1024K, 81% used [0x00000000eb300000,0x00000000eb3d0000,0x00000000eb400000)
  to   space 1024K, 0% used [0x00000000eb200000,0x00000000eb200000,0x00000000eb300000)
 ParOldGen       total 388096K, used 387650K [0x00000000c0000000, 0x00000000d7b00000, 0x00000000eab00000)
  object space 388096K, 99% used [0x00000000c0000000,0x00000000d7a90a78,0x00000000d7b00000)
 Metaspace       used 85379K, committed 87104K, reserved 1179648K
  class space    used 8344K, committed 9216K, reserved 1048576K
}
Event: 7407.402 GC heap before
{Heap before GC invocations=3285 (full 6):
 PSYoungGen      total 8192K, used 8000K [0x00000000eab00000, 0x00000000eb400000, 0x0000000100000000)
  eden space 7168K, 100% used [0x00000000eab00000,0x00000000eb200000,0x00000000eb200000)
  from space 1024K, 81% used [0x00000000eb300000,0x00000000eb3d0000,0x00000000eb400000)
  to   space 1024K, 0% used [0x00000000eb200000,0x00000000eb200000,0x00000000eb300000)
 ParOldGen       total 388096K, used 387650K [0x00000000c0000000, 0x00000000d7b00000, 0x00000000eab00000)
  object space 388096K, 99% used [0x00000000c0000000,0x00000000d7a90a78,0x00000000d7b00000)
 Metaspace       used 85591K, committed 87360K, reserved 1179648K
  class space    used 8363K, committed 9216K, reserved 1048576K
}
Event: 7407.413 GC heap after
{Heap after GC invocations=3285 (full 6):
 PSYoungGen      total 8192K, used 1019K [0x00000000eab00000, 0x00000000eb800000, 0x0000000100000000)
  eden space 7168K, 0% used [0x00000000eab00000,0x00000000eab00000,0x00000000eb200000)
  from space 1024K, 99% used [0x00000000eb200000,0x00000000eb2feef8,0x00000000eb300000)
  to   space 3072K, 0% used [0x00000000eb500000,0x00000000eb500000,0x00000000eb800000)
 ParOldGen       total 389632K, used 389328K [0x00000000c0000000, 0x00000000d7c80000, 0x00000000eab00000)
  object space 389632K, 99% used [0x00000000c0000000,0x00000000d7c34060,0x00000000d7c80000)
 Metaspace       used 85591K, committed 87360K, reserved 1179648K
  class space    used 8363K, committed 9216K, reserved 1048576K
}

Dll operation events (11 events):
Event: 0.009 Loaded shared library c:\Users\acer\.vscode\extensions\redhat.java-1.40.0-win32-x64\jre\21.0.6-win32-x86_64\bin\java.dll
Event: 0.075 Loaded shared library c:\Users\acer\.vscode\extensions\redhat.java-1.40.0-win32-x64\jre\21.0.6-win32-x86_64\bin\zip.dll
Event: 0.096 Loaded shared library C:\Users\acer\.vscode\extensions\redhat.java-1.40.0-win32-x64\jre\21.0.6-win32-x86_64\bin\instrument.dll
Event: 0.100 Loaded shared library C:\Users\acer\.vscode\extensions\redhat.java-1.40.0-win32-x64\jre\21.0.6-win32-x86_64\bin\net.dll
Event: 0.102 Loaded shared library C:\Users\acer\.vscode\extensions\redhat.java-1.40.0-win32-x64\jre\21.0.6-win32-x86_64\bin\nio.dll
Event: 0.105 Loaded shared library C:\Users\acer\.vscode\extensions\redhat.java-1.40.0-win32-x64\jre\21.0.6-win32-x86_64\bin\zip.dll
Event: 0.123 Loaded shared library C:\Users\acer\.vscode\extensions\redhat.java-1.40.0-win32-x64\jre\21.0.6-win32-x86_64\bin\jimage.dll
Event: 0.196 Loaded shared library c:\Users\acer\.vscode\extensions\redhat.java-1.40.0-win32-x64\jre\21.0.6-win32-x86_64\bin\verify.dll
Event: 7.985 Loaded shared library C:\Users\acer\AppData\Roaming\Code\User\globalStorage\redhat.java\1.40.0\config_win\org.eclipse.equinox.launcher\org.eclipse.equinox.launcher.win32.win32.x86_64_1.2.1200.v20250212-0927\eclipse_11909.dll
Event: 22.198 Loaded shared library C:\Users\acer\AppData\Local\Temp\jna-2988111\jna7871247667455884788.dll
Event: 269.020 Loaded shared library C:\Users\acer\.vscode\extensions\redhat.java-1.40.0-win32-x64\jre\21.0.6-win32-x86_64\bin\extnet.dll

Deoptimization events (20 events):
Event: 7406.950 Thread 0x000002a56f576080 DEOPT PACKING pc=0x000002a51ca72d64 sp=0x000000edc00fd0d0
Event: 7406.950 Thread 0x000002a56f576080 DEOPT UNPACKING pc=0x000002a51b133aa2 sp=0x000000edc00fd020 mode 2
Event: 7406.950 Thread 0x000002a56f576080 DEOPT PACKING pc=0x000002a514934b3f sp=0x000000edc00fcfa0
Event: 7406.950 Thread 0x000002a56f576080 DEOPT UNPACKING pc=0x000002a51b134242 sp=0x000000edc00fc450 mode 0
Event: 7406.952 Thread 0x000002a56f576080 DEOPT PACKING pc=0x000002a514934b3f sp=0x000000edc00fcfa0
Event: 7406.952 Thread 0x000002a56f576080 DEOPT UNPACKING pc=0x000002a51b134242 sp=0x000000edc00fc450 mode 0
Event: 7406.954 Thread 0x000002a56f576080 DEOPT PACKING pc=0x000002a514934b3f sp=0x000000edc00fcfa0
Event: 7406.954 Thread 0x000002a56f576080 DEOPT UNPACKING pc=0x000002a51b134242 sp=0x000000edc00fc450 mode 0
Event: 7406.956 Thread 0x000002a56f576080 DEOPT PACKING pc=0x000002a514934b3f sp=0x000000edc00fd070
Event: 7406.956 Thread 0x000002a56f576080 DEOPT UNPACKING pc=0x000002a51b134242 sp=0x000000edc00fc520 mode 0
Event: 7406.957 Thread 0x000002a56f576080 DEOPT PACKING pc=0x000002a514934b3f sp=0x000000edc00fd070
Event: 7406.957 Thread 0x000002a56f576080 DEOPT UNPACKING pc=0x000002a51b134242 sp=0x000000edc00fc520 mode 0
Event: 7406.959 Thread 0x000002a56f576080 DEOPT PACKING pc=0x000002a514934b3f sp=0x000000edc00fd0a0
Event: 7406.959 Thread 0x000002a56f576080 DEOPT UNPACKING pc=0x000002a51b134242 sp=0x000000edc00fc530 mode 0
Event: 7406.960 Thread 0x000002a56f576080 DEOPT PACKING pc=0x000002a514934b3f sp=0x000000edc00fd060
Event: 7406.960 Thread 0x000002a56f576080 DEOPT UNPACKING pc=0x000002a51b134242 sp=0x000000edc00fc4f0 mode 0
Event: 7407.055 Thread 0x000002a56f576080 Uncommon trap: trap_request=0xffffff45 fr.pc=0x000002a51be267e8 relative=0x0000000000000148
Event: 7407.055 Thread 0x000002a56f576080 Uncommon trap: reason=unstable_if action=reinterpret pc=0x000002a51be267e8 method=java.util.stream.StreamOpFlag.getMask(I)I @ 1 c2
Event: 7407.055 Thread 0x000002a56f576080 DEOPT PACKING pc=0x000002a51be267e8 sp=0x000000edc00fdef0
Event: 7407.056 Thread 0x000002a56f576080 DEOPT UNPACKING pc=0x000002a51b133aa2 sp=0x000000edc00fddb0 mode 2

Classes loaded (20 events):
Event: 1808.977 Loading class com/sun/org/apache/xerces/internal/xni/parser/XMLParseException
Event: 1808.992 Loading class com/sun/org/apache/xerces/internal/xni/parser/XMLParseException done
Event: 1814.182 Loading class jdk/internal/module/IllegalAccessLogger
Event: 1814.182 Loading class jdk/internal/module/IllegalAccessLogger done
Event: 1814.488 Loading class java/nio/BufferMismatch
Event: 1814.489 Loading class java/nio/BufferMismatch done
Event: 7404.041 Loading class java/util/Spliterators$IntArraySpliterator
Event: 7404.069 Loading class java/util/Spliterators$IntArraySpliterator done
Event: 7404.078 Loading class java/util/function/IntPredicate
Event: 7404.082 Loading class java/util/function/IntPredicate done
Event: 7404.096 Loading class java/util/stream/IntPipeline$10
Event: 7404.101 Loading class java/util/stream/IntPipeline$10 done
Event: 7404.105 Loading class java/util/stream/Nodes$IntSpinedNodeBuilder
Event: 7404.112 Loading class java/util/stream/SpinedBuffer$OfInt
Event: 7404.121 Loading class java/util/stream/SpinedBuffer$OfPrimitive
Event: 7404.135 Loading class java/util/stream/SpinedBuffer$OfPrimitive done
Event: 7404.136 Loading class java/util/stream/SpinedBuffer$OfInt done
Event: 7404.147 Loading class java/util/stream/Nodes$IntSpinedNodeBuilder done
Event: 7404.148 Loading class java/util/stream/IntPipeline$10$1
Event: 7404.150 Loading class java/util/stream/IntPipeline$10$1 done

Classes unloaded (20 events):
Event: 1814.893 Thread 0x000002a524d94b50 Unloading class 0x000002a526019c00 'java/lang/invoke/LambdaForm$MH+0x000002a526019c00'
Event: 1814.893 Thread 0x000002a524d94b50 Unloading class 0x000002a526014800 'java/lang/invoke/LambdaForm$MH+0x000002a526014800'
Event: 1814.893 Thread 0x000002a524d94b50 Unloading class 0x000002a52600d800 'java/lang/invoke/LambdaForm$MH+0x000002a52600d800'
Event: 1814.893 Thread 0x000002a524d94b50 Unloading class 0x000002a52600d400 'java/lang/invoke/LambdaForm$MH+0x000002a52600d400'
Event: 1814.893 Thread 0x000002a524d94b50 Unloading class 0x000002a52600d000 'java/lang/invoke/LambdaForm$MH+0x000002a52600d000'
Event: 1814.893 Thread 0x000002a524d94b50 Unloading class 0x000002a52600cc00 'java/lang/invoke/LambdaForm$MH+0x000002a52600cc00'
Event: 1814.893 Thread 0x000002a524d94b50 Unloading class 0x000002a52600c800 'java/lang/invoke/LambdaForm$BMH+0x000002a52600c800'
Event: 1814.893 Thread 0x000002a524d94b50 Unloading class 0x000002a52600c000 'java/lang/invoke/LambdaForm$DMH+0x000002a52600c000'
Event: 1814.893 Thread 0x000002a524d94b50 Unloading class 0x000002a526008400 'java/lang/invoke/LambdaForm$MH+0x000002a526008400'
Event: 1814.893 Thread 0x000002a524d94b50 Unloading class 0x000002a526008000 'java/lang/invoke/LambdaForm$MH+0x000002a526008000'
Event: 1814.893 Thread 0x000002a524d94b50 Unloading class 0x000002a526007c00 'java/lang/invoke/LambdaForm$MH+0x000002a526007c00'
Event: 1814.893 Thread 0x000002a524d94b50 Unloading class 0x000002a526006800 'java/lang/invoke/LambdaForm$MH+0x000002a526006800'
Event: 1814.893 Thread 0x000002a524d94b50 Unloading class 0x000002a526006000 'java/lang/invoke/LambdaForm$MH+0x000002a526006000'
Event: 1814.893 Thread 0x000002a524d94b50 Unloading class 0x000002a526005c00 'java/lang/invoke/LambdaForm$MH+0x000002a526005c00'
Event: 1814.893 Thread 0x000002a524d94b50 Unloading class 0x000002a526005800 'java/lang/invoke/LambdaForm$MH+0x000002a526005800'
Event: 1814.893 Thread 0x000002a524d94b50 Unloading class 0x000002a526005400 'java/lang/invoke/LambdaForm$BMH+0x000002a526005400'
Event: 1814.893 Thread 0x000002a524d94b50 Unloading class 0x000002a526004000 'java/lang/invoke/LambdaForm$DMH+0x000002a526004000'
Event: 1814.893 Thread 0x000002a524d94b50 Unloading class 0x000002a526002400 'java/lang/invoke/LambdaForm$MH+0x000002a526002400'
Event: 1814.893 Thread 0x000002a524d94b50 Unloading class 0x000002a526002000 'java/lang/invoke/LambdaForm$MH+0x000002a526002000'
Event: 1814.893 Thread 0x000002a524d94b50 Unloading class 0x000002a526001800 'java/lang/invoke/LambdaForm$MH+0x000002a526001800'

Classes redefined (0 events):
No events

Internal exceptions (20 events):
Event: 2109.830 Thread 0x000002a5689b6590 Implicit null exception at 0x000002a51b73aeb9 to 0x000002a51b73b130
Event: 2110.407 Thread 0x000002a5689b6590 Exception <a 'java/lang/NoSuchMethodError'{0x00000000eaf31800}: static Lorg/eclipse/m2e/core/internal/lifecyclemapping/model/PluginExecutionMetadata;.<clinit>()V> (0x00000000eaf31800) 
thrown [s\src\hotspot\share\prims\jni.cpp, line 1111]
Event: 2110.483 Thread 0x000002a5689b6590 Exception <a 'java/lang/NoSuchMethodError'{0x00000000eaf5bb70}: static Lorg/eclipse/m2e/core/internal/lifecyclemapping/model/PluginExecutionFilter;.<clinit>()V> (0x00000000eaf5bb70) 
thrown [s\src\hotspot\share\prims\jni.cpp, line 1111]
Event: 2110.494 Thread 0x000002a5689b6590 Exception <a 'java/lang/NoSuchMethodError'{0x00000000eaf749d8}: static Lorg/eclipse/m2e/core/internal/project/registry/MavenProjectFacade$MavenProjectConfiguration;.<clinit>()V> (0x00000000eaf749d8) 
thrown [s\src\hotspot\share\prims\jni.cpp, line 1111]
Event: 2110.648 Thread 0x000002a5689b6590 Implicit null exception at 0x000002a51bdebef4 to 0x000002a51bdec4f8
Event: 2110.650 Thread 0x000002a5689b6590 Exception <a 'java/lang/NoSuchMethodError'{0x00000000eab12860}: static [J.<clinit>()V> (0x00000000eab12860) 
thrown [s\src\hotspot\share\prims\jni.cpp, line 1111]
Event: 2111.008 Thread 0x000002a5689b6590 Implicit null exception at 0x000002a51bbbe111 to 0x000002a51bbbe808
Event: 3642.774 Thread 0x000002a579713150 Exception <a 'sun/nio/fs/WindowsException'{0x00000000eaf6ade8}> (0x00000000eaf6ade8) 
thrown [s\src\hotspot\share\prims\jni.cpp, line 520]
Event: 3642.782 Thread 0x000002a579713150 Exception <a 'sun/nio/fs/WindowsException'{0x00000000eaf6b6b0}> (0x00000000eaf6b6b0) 
thrown [s\src\hotspot\share\prims\jni.cpp, line 520]
Event: 3642.792 Thread 0x000002a579713150 Exception <a 'sun/nio/fs/WindowsException'{0x00000000eaf6c3e8}> (0x00000000eaf6c3e8) 
thrown [s\src\hotspot\share\prims\jni.cpp, line 520]
Event: 3642.792 Thread 0x000002a579713150 Exception <a 'sun/nio/fs/WindowsException'{0x00000000eaf6ccb0}> (0x00000000eaf6ccb0) 
thrown [s\src\hotspot\share\prims\jni.cpp, line 520]
Event: 3642.815 Thread 0x000002a579713150 Exception <a 'sun/nio/fs/WindowsException'{0x00000000eb1beb00}> (0x00000000eb1beb00) 
thrown [s\src\hotspot\share\prims\jni.cpp, line 520]
Event: 3642.815 Thread 0x000002a579713150 Exception <a 'sun/nio/fs/WindowsException'{0x00000000eb1bf3c8}> (0x00000000eb1bf3c8) 
thrown [s\src\hotspot\share\prims\jni.cpp, line 520]
Event: 3643.206 Thread 0x000002a579713150 Exception <a 'sun/nio/fs/WindowsException'{0x00000000eab0b5f8}> (0x00000000eab0b5f8) 
thrown [s\src\hotspot\share\prims\jni.cpp, line 520]
Event: 3643.206 Thread 0x000002a579713150 Exception <a 'sun/nio/fs/WindowsException'{0x00000000eab0bec0}> (0x00000000eab0bec0) 
thrown [s\src\hotspot\share\prims\jni.cpp, line 520]
Event: 7402.203 Thread 0x000002a56f576080 Exception <a 'java/lang/IncompatibleClassChangeError'{0x00000000eb021858}: Found class java.lang.Object, but interface was expected> (0x00000000eb021858) 
thrown [s\src\hotspot\share\interpreter\linkResolver.cpp, line 840]
Event: 7403.153 Thread 0x000002a56f576080 Exception <a 'java/lang/ArrayIndexOutOfBoundsException'{0x00000000eafc40a8}: Index 1028 out of bounds for length 1028> (0x00000000eafc40a8) 
thrown [s\src\hotspot\share\interpreter\interpreterRuntime.cpp, line 439]
Event: 7403.153 Thread 0x000002a56f576080 Exception <a 'java/lang/ArrayIndexOutOfBoundsException'{0x00000000eafc46f8}: Index 1028 out of bounds for length 1028> (0x00000000eafc46f8) 
thrown [s\src\hotspot\share\interpreter\interpreterRuntime.cpp, line 439]
Event: 7403.153 Thread 0x000002a56f576080 Exception <a 'java/lang/ArrayIndexOutOfBoundsException'{0x00000000eafc4a98}: Index 1029 out of bounds for length 1028> (0x00000000eafc4a98) 
thrown [s\src\hotspot\share\interpreter\interpreterRuntime.cpp, line 439]
Event: 7405.283 Thread 0x000002a56f576080 Implicit null exception at 0x000002a51c66a36b to 0x000002a51c66afe0

ZGC Phase Switch (0 events):
No events

VM Operations (20 events):
Event: 7406.546 Executing VM operation: ParallelGCFailedAllocation (Allocation Failure)
Event: 7406.548 Executing VM operation: ParallelGCFailedAllocation (Allocation Failure) done
Event: 7406.613 Executing VM operation: ParallelGCFailedAllocation (Allocation Failure)
Event: 7406.615 Executing VM operation: ParallelGCFailedAllocation (Allocation Failure) done
Event: 7406.658 Executing VM operation: ParallelGCFailedAllocation (Allocation Failure)
Event: 7406.660 Executing VM operation: ParallelGCFailedAllocation (Allocation Failure) done
Event: 7406.709 Executing VM operation: ParallelGCFailedAllocation (Allocation Failure)
Event: 7406.712 Executing VM operation: ParallelGCFailedAllocation (Allocation Failure) done
Event: 7406.767 Executing VM operation: HandshakeAllThreads (Deoptimize)
Event: 7406.767 Executing VM operation: HandshakeAllThreads (Deoptimize) done
Event: 7406.791 Executing VM operation: ParallelGCFailedAllocation (Allocation Failure)
Event: 7406.794 Executing VM operation: ParallelGCFailedAllocation (Allocation Failure) done
Event: 7406.894 Executing VM operation: ParallelGCFailedAllocation (Allocation Failure)
Event: 7406.896 Executing VM operation: ParallelGCFailedAllocation (Allocation Failure) done
Event: 7406.963 Executing VM operation: ParallelGCFailedAllocation (Allocation Failure)
Event: 7406.966 Executing VM operation: ParallelGCFailedAllocation (Allocation Failure) done
Event: 7407.010 Executing VM operation: ParallelGCFailedAllocation (Allocation Failure)
Event: 7407.013 Executing VM operation: ParallelGCFailedAllocation (Allocation Failure) done
Event: 7407.402 Executing VM operation: ParallelGCFailedAllocation (Allocation Failure)
Event: 7407.413 Executing VM operation: ParallelGCFailedAllocation (Allocation Failure) done

Memory protections (0 events):
No events

Nmethod flushes (20 events):
Event: 1815.290 Thread 0x000002a524d94b50 flushing  nmethod 0x000002a516611210
Event: 1815.290 Thread 0x000002a524d94b50 flushing  nmethod 0x000002a516612a90
Event: 1815.290 Thread 0x000002a524d94b50 flushing  nmethod 0x000002a516613690
Event: 1815.290 Thread 0x000002a524d94b50 flushing  nmethod 0x000002a516613d90
Event: 1815.290 Thread 0x000002a524d94b50 flushing  nmethod 0x000002a516615c10
Event: 1815.290 Thread 0x000002a524d94b50 flushing  nmethod 0x000002a51661b810
Event: 1815.290 Thread 0x000002a524d94b50 flushing  nmethod 0x000002a516640190
Event: 1815.290 Thread 0x000002a524d94b50 flushing  nmethod 0x000002a516643c10
Event: 1815.290 Thread 0x000002a524d94b50 flushing  nmethod 0x000002a516664a10
Event: 1815.291 Thread 0x000002a524d94b50 flushing  nmethod 0x000002a516693b90
Event: 1815.291 Thread 0x000002a524d94b50 flushing  nmethod 0x000002a516695b90
Event: 1815.291 Thread 0x000002a524d94b50 flushing  nmethod 0x000002a5166aba90
Event: 1815.291 Thread 0x000002a524d94b50 flushing  nmethod 0x000002a5166bfb10
Event: 1815.291 Thread 0x000002a524d94b50 flushing  nmethod 0x000002a5166c0390
Event: 1815.291 Thread 0x000002a524d94b50 flushing  nmethod 0x000002a5166c0c10
Event: 1815.291 Thread 0x000002a524d94b50 flushing  nmethod 0x000002a5166c1b10
Event: 1815.291 Thread 0x000002a524d94b50 flushing  nmethod 0x000002a5166ca590
Event: 1815.291 Thread 0x000002a524d94b50 flushing  nmethod 0x000002a5166fbd10
Event: 1815.291 Thread 0x000002a524d94b50 flushing  nmethod 0x000002a516717890
Event: 1815.291 Thread 0x000002a524d94b50 flushing  nmethod 0x000002a516738090

Events (20 events):
Event: 6965.800 Thread 0x000002a56d7860a0 Thread exited: 0x000002a56d7860a0
Event: 6974.553 Thread 0x000002a510a6fb10 Thread added: 0x000002a56d78a4c0
Event: 6975.124 Thread 0x000002a56d78a4c0 Thread exited: 0x000002a56d78a4c0
Event: 7038.430 Thread 0x000002a57970f640 Thread exited: 0x000002a57970f640
Event: 7098.431 Thread 0x000002a579715f40 Thread exited: 0x000002a579715f40
Event: 7158.462 Thread 0x000002a57970efb0 Thread exited: 0x000002a57970efb0
Event: 7218.664 Thread 0x000002a5797137e0 Thread exited: 0x000002a5797137e0
Event: 7278.564 Thread 0x000002a579713150 Thread exited: 0x000002a579713150
Event: 7338.680 Thread 0x000002a579711710 Thread exited: 0x000002a579711710
Event: 7391.727 Thread 0x000002a56f576080 Thread added: 0x000002a579715f40
Event: 7391.896 Thread 0x000002a56f576080 Thread added: 0x000002a579711710
Event: 7391.904 Thread 0x000002a56f576080 Thread added: 0x000002a579713150
Event: 7391.907 Thread 0x000002a56f576080 Thread added: 0x000002a57970efb0
Event: 7391.964 Thread 0x000002a579713150 Thread added: 0x000002a5797137e0
Event: 7392.242 Thread 0x000002a56f576080 Thread added: 0x000002a57970f640
Event: 7392.844 Thread 0x000002a56f576080 Thread added: 0x000002a56f577ac0
Event: 7393.160 Thread 0x000002a56f576080 Thread added: 0x000002a56f579500
Event: 7403.356 Thread 0x000002a579715f40 Thread added: 0x000002a56f57a8b0
Event: 7403.356 Thread 0x000002a56f579500 Thread added: 0x000002a56f576710
Event: 7403.357 Thread 0x000002a56f57a8b0 Thread added: 0x000002a5689bbae0


Dynamic libraries:
0x00007ff60dea0000 - 0x00007ff60deae000 	c:\Users\acer\.vscode\extensions\redhat.java-1.40.0-win32-x64\jre\21.0.6-win32-x86_64\bin\java.exe
0x00007ff9d2570000 - 0x00007ff9d2787000 	C:\WINDOWS\SYSTEM32\ntdll.dll
0x00007ff9d0900000 - 0x00007ff9d09c4000 	C:\WINDOWS\System32\KERNEL32.DLL
0x00007ff9cfb30000 - 0x00007ff9cff00000 	C:\WINDOWS\System32\KERNELBASE.dll
0x00007ff9cf9e0000 - 0x00007ff9cfaf1000 	C:\WINDOWS\System32\ucrtbase.dll
0x00007ff9a3f40000 - 0x00007ff9a3f58000 	c:\Users\acer\.vscode\extensions\redhat.java-1.40.0-win32-x64\jre\21.0.6-win32-x86_64\bin\jli.dll
0x00007ff9aac30000 - 0x00007ff9aac4e000 	c:\Users\acer\.vscode\extensions\redhat.java-1.40.0-win32-x64\jre\21.0.6-win32-x86_64\bin\VCRUNTIME140.dll
0x00007ff9d11c0000 - 0x00007ff9d136e000 	C:\WINDOWS\System32\USER32.dll
0x00007ff9ada00000 - 0x00007ff9adc92000 	C:\WINDOWS\WinSxS\amd64_microsoft.windows.common-controls_6595b64144ccf1df_6.0.22621.4830_none_270fe7d773858e80\COMCTL32.dll
0x00007ff9d0110000 - 0x00007ff9d0136000 	C:\WINDOWS\System32\win32u.dll
0x00007ff9d0420000 - 0x00007ff9d04c7000 	C:\WINDOWS\System32\msvcrt.dll
0x00007ff9d1460000 - 0x00007ff9d1489000 	C:\WINDOWS\System32\GDI32.dll
0x00007ff9d0140000 - 0x00007ff9d025b000 	C:\WINDOWS\System32\gdi32full.dll
0x00007ff9cff00000 - 0x00007ff9cff9a000 	C:\WINDOWS\System32\msvcp_win.dll
0x00007ff9d03d0000 - 0x00007ff9d0401000 	C:\WINDOWS\System32\IMM32.DLL
0x00007ff991130000 - 0x00007ff99113c000 	c:\Users\acer\.vscode\extensions\redhat.java-1.40.0-win32-x64\jre\21.0.6-win32-x86_64\bin\vcruntime140_1.dll
0x00007ff9371d0000 - 0x00007ff93725d000 	c:\Users\acer\.vscode\extensions\redhat.java-1.40.0-win32-x64\jre\21.0.6-win32-x86_64\bin\msvcp140.dll
0x00007ff91f980000 - 0x00007ff920710000 	c:\Users\acer\.vscode\extensions\redhat.java-1.40.0-win32-x64\jre\21.0.6-win32-x86_64\bin\server\jvm.dll
0x00007ff9d2190000 - 0x00007ff9d2241000 	C:\WINDOWS\System32\ADVAPI32.dll
0x00007ff9d09d0000 - 0x00007ff9d0a77000 	C:\WINDOWS\System32\sechost.dll
0x00007ff9cfb00000 - 0x00007ff9cfb28000 	C:\WINDOWS\System32\bcrypt.dll
0x00007ff9d07e0000 - 0x00007ff9d08f4000 	C:\WINDOWS\System32\RPCRT4.dll
0x00007ff9d24b0000 - 0x00007ff9d2521000 	C:\WINDOWS\System32\WS2_32.dll
0x00007ff9cb7d0000 - 0x00007ff9cb804000 	C:\WINDOWS\SYSTEM32\WINMM.dll
0x00007ff9cb150000 - 0x00007ff9cb15a000 	C:\WINDOWS\SYSTEM32\VERSION.dll
0x00007ff9cf6f0000 - 0x00007ff9cf73d000 	C:\WINDOWS\SYSTEM32\POWRPROF.dll
0x00007ff9cf6d0000 - 0x00007ff9cf6e3000 	C:\WINDOWS\SYSTEM32\UMPDC.dll
0x00007ff9ce820000 - 0x00007ff9ce838000 	C:\WINDOWS\SYSTEM32\kernel.appcore.dll
0x00007ff9461a0000 - 0x00007ff9461aa000 	c:\Users\acer\.vscode\extensions\redhat.java-1.40.0-win32-x64\jre\21.0.6-win32-x86_64\bin\jimage.dll
0x00007ff9c1d80000 - 0x00007ff9c1fb2000 	C:\WINDOWS\SYSTEM32\DBGHELP.DLL
0x00007ff9d0aa0000 - 0x00007ff9d0e30000 	C:\WINDOWS\System32\combase.dll
0x00007ff9d0e30000 - 0x00007ff9d0f07000 	C:\WINDOWS\System32\OLEAUT32.dll
0x00007ff9ba150000 - 0x00007ff9ba182000 	C:\WINDOWS\SYSTEM32\dbgcore.DLL
0x00007ff9cf820000 - 0x00007ff9cf89b000 	C:\WINDOWS\System32\bcryptPrimitives.dll
0x00007ff937510000 - 0x00007ff93751f000 	c:\Users\acer\.vscode\extensions\redhat.java-1.40.0-win32-x64\jre\21.0.6-win32-x86_64\bin\instrument.dll
0x00007ff9374f0000 - 0x00007ff93750f000 	c:\Users\acer\.vscode\extensions\redhat.java-1.40.0-win32-x64\jre\21.0.6-win32-x86_64\bin\java.dll
0x00007ff9d1490000 - 0x00007ff9d1d08000 	C:\WINDOWS\System32\SHELL32.dll
0x00007ff9cd720000 - 0x00007ff9ce030000 	C:\WINDOWS\SYSTEM32\windows.storage.dll
0x00007ff9cd5e0000 - 0x00007ff9cd71f000 	C:\WINDOWS\SYSTEM32\wintypes.dll
0x00007ff9d02c0000 - 0x00007ff9d03ca000 	C:\WINDOWS\System32\SHCORE.dll
0x00007ff9d0260000 - 0x00007ff9d02be000 	C:\WINDOWS\System32\shlwapi.dll
0x00007ff9cf750000 - 0x00007ff9cf77b000 	C:\WINDOWS\SYSTEM32\profapi.dll
0x00007ff9374d0000 - 0x00007ff9374e8000 	c:\Users\acer\.vscode\extensions\redhat.java-1.40.0-win32-x64\jre\21.0.6-win32-x86_64\bin\zip.dll
0x00007ff9371c0000 - 0x00007ff9371d0000 	C:\Users\acer\.vscode\extensions\redhat.java-1.40.0-win32-x64\jre\21.0.6-win32-x86_64\bin\net.dll
0x00007ff9cb6a0000 - 0x00007ff9cb7cc000 	C:\WINDOWS\SYSTEM32\WINHTTP.dll
0x00007ff9ced00000 - 0x00007ff9ced6a000 	C:\WINDOWS\system32\mswsock.dll
0x00007ff9371a0000 - 0x00007ff9371b6000 	C:\Users\acer\.vscode\extensions\redhat.java-1.40.0-win32-x64\jre\21.0.6-win32-x86_64\bin\nio.dll
0x00007ff937190000 - 0x00007ff9371a0000 	c:\Users\acer\.vscode\extensions\redhat.java-1.40.0-win32-x64\jre\21.0.6-win32-x86_64\bin\verify.dll
0x00007ff990f60000 - 0x00007ff990fa5000 	C:\Users\acer\AppData\Roaming\Code\User\globalStorage\redhat.java\1.40.0\config_win\org.eclipse.equinox.launcher\org.eclipse.equinox.launcher.win32.win32.x86_64_1.2.1200.v20250212-0927\eclipse_11909.dll
0x00007ff9d0f10000 - 0x00007ff9d10b1000 	C:\WINDOWS\System32\ole32.dll
0x00007ff9cf050000 - 0x00007ff9cf06b000 	C:\WINDOWS\SYSTEM32\CRYPTSP.dll
0x00007ff9ce780000 - 0x00007ff9ce7b5000 	C:\WINDOWS\system32\rsaenh.dll
0x00007ff9ceda0000 - 0x00007ff9cedc8000 	C:\WINDOWS\SYSTEM32\USERENV.dll
0x00007ff9cf030000 - 0x00007ff9cf03c000 	C:\WINDOWS\SYSTEM32\CRYPTBASE.dll
0x00007ff9ce290000 - 0x00007ff9ce2bd000 	C:\WINDOWS\SYSTEM32\IPHLPAPI.DLL
0x00007ff9d0410000 - 0x00007ff9d0419000 	C:\WINDOWS\System32\NSI.dll
0x00007ff935d40000 - 0x00007ff935d89000 	C:\Users\acer\AppData\Local\Temp\jna-2988111\jna7871247667455884788.dll
0x00007ff9d0a90000 - 0x00007ff9d0a98000 	C:\WINDOWS\System32\PSAPI.DLL
0x00007ff9cb4e0000 - 0x00007ff9cb4f9000 	C:\WINDOWS\SYSTEM32\dhcpcsvc6.DLL
0x00007ff9cb4c0000 - 0x00007ff9cb4df000 	C:\WINDOWS\SYSTEM32\dhcpcsvc.DLL
0x00007ff9ce9a0000 - 0x00007ff9ce9d4000 	C:\WINDOWS\SYSTEM32\ntmarta.dll
0x00007ff9a4040000 - 0x00007ff9a4049000 	C:\Users\acer\.vscode\extensions\redhat.java-1.40.0-win32-x64\jre\21.0.6-win32-x86_64\bin\extnet.dll

dbghelp: loaded successfully - version: 4.0.5 - missing functions: none
symbol engine: initialized successfully - sym options: 0x614 - pdb path: .;c:\Users\acer\.vscode\extensions\redhat.java-1.40.0-win32-x64\jre\21.0.6-win32-x86_64\bin;C:\WINDOWS\SYSTEM32;C:\WINDOWS\WinSxS\amd64_microsoft.windows.common-controls_6595b64144ccf1df_6.0.22621.4830_none_270fe7d773858e80;c:\Users\acer\.vscode\extensions\redhat.java-1.40.0-win32-x64\jre\21.0.6-win32-x86_64\bin\server;C:\Users\acer\AppData\Roaming\Code\User\globalStorage\redhat.java\1.40.0\config_win\org.eclipse.equinox.launcher\org.eclipse.equinox.launcher.win32.win32.x86_64_1.2.1200.v20250212-0927;C:\Users\acer\AppData\Local\Temp\jna-2988111

VM Arguments:
jvm_args: --add-modules=ALL-SYSTEM --add-opens=java.base/java.util=ALL-UNNAMED --add-opens=java.base/java.lang=ALL-UNNAMED --add-opens=java.base/sun.nio.fs=ALL-UNNAMED -Declipse.application=org.eclipse.jdt.ls.core.id1 -Dosgi.bundles.defaultStartLevel=4 -Declipse.product=org.eclipse.jdt.ls.core.product -Djava.import.generatesMetadataFilesAtProjectRoot=false -DDetectVMInstallationsJob.disabled=true -Dfile.encoding=utf8 -XX:+UseParallelGC -XX:GCTimeRatio=4 -XX:AdaptiveSizePolicyWeight=90 -Dsun.zip.disableMemoryMapping=true -Xmx1G -Xms100m -Xlog:disable -javaagent:c:\Users\acer\.vscode\extensions\redhat.java-1.40.0-win32-x64\lombok\lombok-1.18.36.jar -XX:+HeapDumpOnOutOfMemoryError -XX:HeapDumpPath=c:\Users\acer\AppData\Roaming\Code\User\workspaceStorage\7d7a6dfd88779ba70d34c0ba246b529e\redhat.java -Daether.dependencyCollector.impl=bf 
java_command: c:\Users\acer\.vscode\extensions\redhat.java-1.40.0-win32-x64\server\plugins\org.eclipse.equinox.launcher_1.6.1000.v20250131-0606.jar -configuration c:\Users\acer\AppData\Roaming\Code\User\globalStorage\redhat.java\1.40.0\config_win -data c:\Users\acer\AppData\Roaming\Code\User\workspaceStorage\7d7a6dfd88779ba70d34c0ba246b529e\redhat.java\jdt_ws --pipe=\\.\pipe\lsp-55489f485fb5de337576fd0b992003fa-sock
java_class_path (initial): c:\Users\acer\.vscode\extensions\redhat.java-1.40.0-win32-x64\server\plugins\org.eclipse.equinox.launcher_1.6.1000.v20250131-0606.jar
Launcher Type: SUN_STANDARD

[Global flags]
    uintx AdaptiveSizePolicyWeight                 = 90                                        {product} {command line}
     intx CICompilerCount                          = 4                                         {product} {ergonomic}
    uintx GCTimeRatio                              = 4                                         {product} {command line}
     bool HeapDumpOnOutOfMemoryError               = true                                   {manageable} {command line}
    ccstr HeapDumpPath                             = c:\Users\acer\AppData\Roaming\Code\User\workspaceStorage\7d7a6dfd88779ba70d34c0ba246b529e\redhat.java         {manageable} {command line}
   size_t InitialHeapSize                          = 104857600                                 {product} {command line}
   size_t MaxHeapSize                              = 1073741824                                {product} {command line}
   size_t MaxNewSize                               = 357564416                                 {product} {ergonomic}
   size_t MinHeapDeltaBytes                        = 524288                                    {product} {ergonomic}
   size_t MinHeapSize                              = 104857600                                 {product} {command line}
   size_t NewSize                                  = 34603008                                  {product} {ergonomic}
    uintx NonNMethodCodeHeapSize                   = 5839372                                {pd product} {ergonomic}
    uintx NonProfiledCodeHeapSize                  = 122909434                              {pd product} {ergonomic}
   size_t OldSize                                  = 70254592                                  {product} {ergonomic}
    uintx ProfiledCodeHeapSize                     = 122909434                              {pd product} {ergonomic}
    uintx ReservedCodeCacheSize                    = 251658240                              {pd product} {ergonomic}
     bool SegmentedCodeCache                       = true                                      {product} {ergonomic}
   size_t SoftMaxHeapSize                          = 1073741824                             {manageable} {ergonomic}
     bool UseCompressedOops                        = true                           {product lp64_product} {ergonomic}
     bool UseLargePagesIndividualAllocation        = false                                  {pd product} {ergonomic}
     bool UseParallelGC                            = true                                      {product} {command line}

Logging:
Log output configuration:
 #0: stdout all=off uptime,level,tags foldmultilines=false
 #1: stderr all=off uptime,level,tags foldmultilines=false

Environment Variables:
PATH=C:\Program Files\Common Files\Oracle\Java\javapath;C:\Program Files (x86)\VMware\VMware Player\bin\;C:\Program Files (x86)\Common Files\Oracle\Java\javapath;C:\WINDOWS\system32;C:\WINDOWS;C:\WINDOWS\System32\Wbem;C:\WINDOWS\System32\WindowsPowerShell\v1.0\;C:\WINDOWS\System32\OpenSSH\;C:\Program Files\Microsoft SQL Server\Client SDK\ODBC\170\Tools\Binn\;C:\Program Files\Azure Data Studio\bin;C:\Program Files (x86)\Microsoft SQL Server\150\Tools\Binn\;C:\Program Files\Microsoft SQL Server\150\Tools\Binn\;C:\Program Files\Microsoft SQL Server\150\DTS\Binn\;C:\Program Files (x86)\Microsoft SQL Server\160\DTS\Binn\;C:\Program Files\dotnet\;C:\Users\acer\Downloads\sonar-scanner-cli-5.0.1.3006-windows\sonar-scanner-5.0.1.3006-windows\bin;C:\Program Files\Microsoft VS Code\bin;C:\Program Files\nodejs\;C:\Program Files\Git\cmd;C:\Program Files\Meld\;C:\Program Files\Docker\Docker\resources\bin;C:\Program Files\PuTTY\;C:\Program Files\Cloudflare\Cloudflare WARP\;C:\Program Files\PostgreSQL\17\bin;C:\Program Files\Amazon\AWSSAMCLI\bin\;C:\Program Files\Amazon\AWSSAMCLI\bin;C:\Program Files\Amazon\AWSCLIV2\;C:\Program Files\Amazon\AWSCLI\bin;C:\Program Files\Apache\Maven\bin;C:\Users\acer\vcpkg;C:\Program Files (x86)\Windows Kits\10\Windows Performance Toolkit\;C:\Users\acer\Downloads\winlibs-x86_64-posix-seh-gcc-14.2.0-llvm-19.1.1-mingw-w64ucrt-12.0.0-r2\mingw64\bin;C:\Users\acer\AppData\Local\Programs\Python\Launcher\;C:\Program Files\MySQL\MySQL Shell 8.0\bin\;C:\Users\acer\AppData\Local\Microsoft\WindowsApps;C:\Program Files\Azure Data Studio\bin;C:\Users\acer\AppData\Local\Programs\Microsoft VS Code\bin;C:\Users\acer\AppData\Local\GitHubDesktop\bin;C:\Users\acer\.dotnet\tools;C:\Users\acer\Downloads\sonar-scanner-cli-5.0.1.3006-windows\sonar-scanner-5.0.1.3006-windows\bin;C:\Users\acer\AppData\Roaming\npm;C:\Users\acer\AppData\Local\JetBrains\Toolbox\scripts;
USERNAME=acer
OS=Windows_NT
PROCESSOR_IDENTIFIER=AMD64 Family 25 Model 80 Stepping 0, AuthenticAMD
TMP=C:\Users\acer\AppData\Local\Temp
TEMP=C:\Users\acer\AppData\Local\Temp




Periodic native trim disabled

---------------  S Y S T E M  ---------------

OS:
 Windows 11 , 64 bit Build 22621 (10.0.22621.4830)
OS uptime: 0 days 2:06 hours
Hyper-V role detected

CPU: total 12 (initial active 12) (12 cores per cpu, 2 threads per core) family 25 model 80 stepping 0 microcode 0x0, cx8, cmov, fxsr, ht, mmx, 3dnowpref, sse, sse2, sse3, ssse3, sse4a, sse4.1, sse4.2, popcnt, lzcnt, tsc, tscinvbit, avx, avx2, aes, erms, clmul, bmi1, bmi2, adx, sha, fma, vzeroupper, clflush, clflushopt, hv, rdtscp, rdpid, fsrm, f16c, cet_ss
Processor Information for the first 12 processors :
  Max Mhz: 3301, Current Mhz: 3301, Mhz Limit: 3301

Memory: 4k page, system-wide physical 7532M (68M free)
TotalPageFile size 31084M (AvailPageFile size 29M)
current process WorkingSet (physical memory assigned to process): 303M, peak: 895M
current process commit charge ("private bytes"): 746M, peak: 1042M

vm_info: OpenJDK 64-Bit Server VM (21.0.6+7-LTS) for windows-amd64 JRE (21.0.6+7-LTS), built on 2025-01-21T00:00:00Z by "admin" with MS VC++ 17.7 (VS2022)

END.
