#
# There is insufficient memory for the Java Runtime Environment to continue.
# Native memory allocation (malloc) failed to allocate 1391856 bytes. Error detail: Chunk::new
# Possible reasons:
#   The system is out of physical RAM or swap space
#   This process is running with CompressedOops enabled, and the Java Heap may be blocking the growth of the native heap
# Possible solutions:
#   Reduce memory load on the system
#   Increase physical memory or swap space
#   Check if swap backing store is full
#   Decrease Java heap size (-Xmx/-Xms)
#   Decrease number of Java threads
#   Decrease Java thread stack sizes (-Xss)
#   Set larger code cache with -XX:ReservedCodeCacheSize=
#   JVM is running with Unscaled Compressed Oops mode in which the Java heap is
#     placed in the first 4GB address space. The Java Heap base address is the
#     maximum limit for the native heap growth. Please use -XX:HeapBaseMinAddress
#     to set the Java Heap base and to place the Java Heap above 4GB virtual address.
# This output file may be truncated or incomplete.
#
#  Out of Memory Error (arena.cpp:168), pid=18444, tid=21292
#
# JRE version: OpenJDK Runtime Environment Temurin-21.0.6+7 (21.0.6+7) (build 21.0.6+7-LTS)
# Java VM: OpenJDK 64-Bit Server VM Temurin-21.0.6+7 (21.0.6+7-LTS, mixed mode, sharing, tiered, compressed oops, compressed class ptrs, parallel gc, windows-amd64)
# No core dump will be written. Minidumps are not enabled by default on client versions of Windows
#

---------------  S U M M A R Y ------------

Command Line: --add-modules=ALL-SYSTEM --add-opens=java.base/java.util=ALL-UNNAMED --add-opens=java.base/java.lang=ALL-UNNAMED --add-opens=java.base/sun.nio.fs=ALL-UNNAMED -Declipse.application=org.eclipse.jdt.ls.core.id1 -Dosgi.bundles.defaultStartLevel=4 -Declipse.product=org.eclipse.jdt.ls.core.product -Djava.import.generatesMetadataFilesAtProjectRoot=false -DDetectVMInstallationsJob.disabled=true -Dfile.encoding=utf8 -XX:+UseParallelGC -XX:GCTimeRatio=4 -XX:AdaptiveSizePolicyWeight=90 -Dsun.zip.disableMemoryMapping=true -Xmx1G -Xms100m -Xlog:disable -javaagent:c:\Users\acer\.vscode\extensions\redhat.java-1.40.0-win32-x64\lombok\lombok-1.18.36.jar -XX:+HeapDumpOnOutOfMemoryError -XX:HeapDumpPath=c:\Users\acer\AppData\Roaming\Code\User\workspaceStorage\7d7a6dfd88779ba70d34c0ba246b529e\redhat.java -Daether.dependencyCollector.impl=bf c:\Users\acer\.vscode\extensions\redhat.java-1.40.0-win32-x64\server\plugins\org.eclipse.equinox.launcher_1.6.1000.v20250131-0606.jar -configuration c:\Users\acer\AppData\Roaming\Code\User\globalStorage\redhat.java\1.40.0\config_win -data c:\Users\acer\AppData\Roaming\Code\User\workspaceStorage\7d7a6dfd88779ba70d34c0ba246b529e\redhat.java\jdt_ws --pipe=\\.\pipe\lsp-5a02ef40ad238076e1710860a8b342ba-sock

Host: AMD Ryzen 5 5600H with Radeon Graphics         , 12 cores, 7G,  Windows 11 , 64 bit Build 22621 (10.0.22621.4830)
Time: Thu Mar 13 06:41:56 2025 SE Asia Standard Time elapsed time: 3188.826699 seconds (0d 0h 53m 8s)

---------------  T H R E A D  ---------------

Current thread (0x000001f95dac2ed0):  JavaThread "C2 CompilerThread0" daemon [_thread_in_native, id=21292, stack(0x0000000952500000,0x0000000952600000) (1024K)]


Current CompileTask:
C2:3188827 32702       4       org.eclipse.jdt.core.dom.ASTConverter::convert (1519 bytes)

Stack: [0x0000000952500000,0x0000000952600000]
Native frames: (J=compiled Java code, j=interpreted, Vv=VM code, C=native code)
V  [jvm.dll+0x6cdee9]
V  [jvm.dll+0x8a83d1]
V  [jvm.dll+0x8aa8fe]
V  [jvm.dll+0x8aafe3]
V  [jvm.dll+0x27f706]
V  [jvm.dll+0xc500d]
V  [jvm.dll+0xc5543]
V  [jvm.dll+0x3b6752]
V  [jvm.dll+0x1dfe13]
V  [jvm.dll+0x247b42]
V  [jvm.dll+0x246fcf]
V  [jvm.dll+0x1c75ee]
V  [jvm.dll+0x25685a]
V  [jvm.dll+0x254dfa]
V  [jvm.dll+0x3f0256]
V  [jvm.dll+0x851f8b]
V  [jvm.dll+0x6cc5ed]
C  [ucrtbase.dll+0x29333]
C  [KERNEL32.DLL+0x1259d]
C  [ntdll.dll+0x5af38]


---------------  P R O C E S S  ---------------

Threads class SMR info:
_java_thread_list=0x000001f957677e00, length=59, elements={
0x000001f95da11f30, 0x000001f95dab4400, 0x000001f971dfc090, 0x000001f95dab7fe0,
0x000001f95dab8c30, 0x000001f95dab9880, 0x000001f95dabc630, 0x000001f95dac2ed0,
0x000001f95dac4400, 0x000001f95da7b640, 0x000001f9734effc0, 0x000001f9792c4950,
0x000001f9748a1810, 0x000001f974553770, 0x000001f9747d84d0, 0x000001f97928b440,
0x000001f97928abc0, 0x000001f974288220, 0x000001f974287b90, 0x000001f9742888b0,
0x000001f974287500, 0x000001f979c2ec70, 0x000001f979c2b160, 0x000001f979c30d40,
0x000001f979c2aad0, 0x000001f979c2e5e0, 0x000001f979c2d230, 0x000001f979c2cba0,
0x000001f979c2b7f0, 0x000001f979c2d8c0, 0x000001f979c2df50, 0x000001f979c2f990,
0x000001f979c306b0, 0x000001f979c2c510, 0x000001f979c2be80, 0x000001f979c2f300,
0x000001f951340080, 0x000001f950e55f80, 0x000001f950e53820, 0x000001f950e56610,
0x000001f950e51de0, 0x000001f950e56ca0, 0x000001f979e8c870, 0x000001f979e89a80,
0x000001f97ee5b400, 0x000001f97ee599c0, 0x000001f97ee5a6e0, 0x000001f97ee5a050,
0x000001f97ee57260, 0x000001f97ee578f0, 0x000001f97ee59330, 0x000001f97ee58610,
0x000001f97ee55eb0, 0x000001f97ee54470, 0x000001f97ee54b00, 0x000001f97ee55820,
0x000001f979e8ae30, 0x000001f979e8dc20, 0x000001f979e90380
}

Java Threads: ( => current thread )
  0x000001f95da11f30 JavaThread "main"                              [_thread_blocked, id=21156, stack(0x0000000951b00000,0x0000000951c00000) (1024K)]
  0x000001f95dab4400 JavaThread "Reference Handler"          daemon [_thread_blocked, id=18052, stack(0x0000000951f00000,0x0000000952000000) (1024K)]
  0x000001f971dfc090 JavaThread "Finalizer"                  daemon [_thread_blocked, id=6524, stack(0x0000000952000000,0x0000000952100000) (1024K)]
  0x000001f95dab7fe0 JavaThread "Signal Dispatcher"          daemon [_thread_blocked, id=8740, stack(0x0000000952100000,0x0000000952200000) (1024K)]
  0x000001f95dab8c30 JavaThread "Attach Listener"            daemon [_thread_blocked, id=23540, stack(0x0000000952200000,0x0000000952300000) (1024K)]
  0x000001f95dab9880 JavaThread "Service Thread"             daemon [_thread_blocked, id=12620, stack(0x0000000952300000,0x0000000952400000) (1024K)]
  0x000001f95dabc630 JavaThread "Monitor Deflation Thread"   daemon [_thread_blocked, id=19156, stack(0x0000000952400000,0x0000000952500000) (1024K)]
=>0x000001f95dac2ed0 JavaThread "C2 CompilerThread0"         daemon [_thread_in_native, id=21292, stack(0x0000000952500000,0x0000000952600000) (1024K)]
  0x000001f95dac4400 JavaThread "C1 CompilerThread0"         daemon [_thread_blocked, id=24208, stack(0x0000000952600000,0x0000000952700000) (1024K)]
  0x000001f95da7b640 JavaThread "Common-Cleaner"             daemon [_thread_blocked, id=7932, stack(0x0000000952700000,0x0000000952800000) (1024K)]
  0x000001f9734effc0 JavaThread "Notification Thread"        daemon [_thread_blocked, id=1412, stack(0x0000000952800000,0x0000000952900000) (1024K)]
  0x000001f9792c4950 JavaThread "Active Thread: Equinox Container: 68f9b617-a2ac-4e71-9bae-3a8a3051537c"        [_thread_blocked, id=23628, stack(0x0000000953000000,0x0000000953100000) (1024K)]
  0x000001f9748a1810 JavaThread "Refresh Thread: Equinox Container: 68f9b617-a2ac-4e71-9bae-3a8a3051537c" daemon [_thread_blocked, id=20188, stack(0x0000000952900000,0x0000000952a00000) (1024K)]
  0x000001f974553770 JavaThread "Framework Event Dispatcher: Equinox Container: 68f9b617-a2ac-4e71-9bae-3a8a3051537c" daemon [_thread_blocked, id=18448, stack(0x0000000953200000,0x0000000953300000) (1024K)]
  0x000001f9747d84d0 JavaThread "Start Level: Equinox Container: 68f9b617-a2ac-4e71-9bae-3a8a3051537c" daemon [_thread_blocked, id=25072, stack(0x0000000953300000,0x0000000953400000) (1024K)]
  0x000001f97928b440 JavaThread "Bundle File Closer"         daemon [_thread_blocked, id=9508, stack(0x0000000953400000,0x0000000953500000) (1024K)]
  0x000001f97928abc0 JavaThread "SCR Component Actor"        daemon [_thread_blocked, id=9668, stack(0x0000000953700000,0x0000000953800000) (1024K)]
  0x000001f974288220 JavaThread "Worker-JM"                         [_thread_blocked, id=20952, stack(0x0000000953900000,0x0000000953a00000) (1024K)]
  0x000001f974287b90 JavaThread "JNA Cleaner"                daemon [_thread_blocked, id=17052, stack(0x0000000953a00000,0x0000000953b00000) (1024K)]
  0x000001f9742888b0 JavaThread "Java indexing"              daemon [_thread_blocked, id=292, stack(0x0000000953d00000,0x0000000953e00000) (1024K)]
  0x000001f974287500 JavaThread "Thread-2"                   daemon [_thread_in_native, id=2332, stack(0x0000000954300000,0x0000000954400000) (1024K)]
  0x000001f979c2ec70 JavaThread "Thread-3"                   daemon [_thread_in_native, id=23212, stack(0x0000000954400000,0x0000000954500000) (1024K)]
  0x000001f979c2b160 JavaThread "Thread-4"                   daemon [_thread_in_native, id=23832, stack(0x0000000954500000,0x0000000954600000) (1024K)]
  0x000001f979c30d40 JavaThread "Thread-5"                   daemon [_thread_in_native, id=21788, stack(0x0000000954600000,0x0000000954700000) (1024K)]
  0x000001f979c2aad0 JavaThread "Thread-6"                   daemon [_thread_in_native, id=10308, stack(0x0000000954700000,0x0000000954800000) (1024K)]
  0x000001f979c2e5e0 JavaThread "Thread-7"                   daemon [_thread_in_native, id=24000, stack(0x0000000954800000,0x0000000954900000) (1024K)]
  0x000001f979c2d230 JavaThread "Thread-8"                   daemon [_thread_in_native, id=10536, stack(0x0000000954900000,0x0000000954a00000) (1024K)]
  0x000001f979c2cba0 JavaThread "Thread-9"                   daemon [_thread_in_native, id=13804, stack(0x0000000954a00000,0x0000000954b00000) (1024K)]
  0x000001f979c2b7f0 JavaThread "Thread-10"                  daemon [_thread_in_native, id=4704, stack(0x0000000954b00000,0x0000000954c00000) (1024K)]
  0x000001f979c2d8c0 JavaThread "Thread-11"                  daemon [_thread_in_native, id=14684, stack(0x0000000954c00000,0x0000000954d00000) (1024K)]
  0x000001f979c2df50 JavaThread "Thread-12"                  daemon [_thread_in_native, id=18012, stack(0x0000000954d00000,0x0000000954e00000) (1024K)]
  0x000001f979c2f990 JavaThread "Thread-13"                  daemon [_thread_in_native, id=14792, stack(0x0000000954e00000,0x0000000954f00000) (1024K)]
  0x000001f979c306b0 JavaThread "Thread-14"                  daemon [_thread_in_native, id=1788, stack(0x0000000954f00000,0x0000000955000000) (1024K)]
  0x000001f979c2c510 JavaThread "pool-2-thread-1"                   [_thread_blocked, id=20424, stack(0x0000000955000000,0x0000000955100000) (1024K)]
  0x000001f979c2be80 JavaThread "WorkspaceEventsHandler"            [_thread_blocked, id=20092, stack(0x0000000955100000,0x0000000955200000) (1024K)]
  0x000001f979c2f300 JavaThread "pool-1-thread-1"                   [_thread_blocked, id=24328, stack(0x0000000955200000,0x0000000955300000) (1024K)]
  0x000001f951340080 JavaThread "Cleaner-0"                  daemon [_thread_blocked, id=17484, stack(0x0000000956d00000,0x0000000956e00000) (1024K)]
  0x000001f950e55f80 JavaThread "Java Debug Server"          daemon [_thread_in_native, id=23704, stack(0x0000000956100000,0x0000000956200000) (1024K)]
  0x000001f950e53820 JavaThread "pool-5-thread-1"                   [_thread_in_native, id=25216, stack(0x0000000958300000,0x0000000958400000) (1024K)]
  0x000001f950e56610 JavaThread "RxSchedulerPurge-1"         daemon [_thread_blocked, id=1776, stack(0x0000000958400000,0x0000000958500000) (1024K)]
  0x000001f950e51de0 JavaThread "RxCachedWorkerPoolEvictor-1" daemon [_thread_blocked, id=24928, stack(0x0000000958500000,0x0000000958600000) (1024K)]
  0x000001f950e56ca0 JavaThread "process reaper (pid 16560)" daemon [_thread_in_native, id=22632, stack(0x00000009515a0000,0x00000009515c0000) (128K)]
  0x000001f979e8c870 JavaThread "Worker-9"                          [_thread_blocked, id=8332, stack(0x0000000955b00000,0x0000000955c00000) (1024K)]
  0x000001f979e89a80 JavaThread "Worker-12"                         [_thread_blocked, id=23884, stack(0x0000000953b00000,0x0000000953c00000) (1024K)]
  0x000001f97ee5b400 JavaThread "RxNewThreadScheduler-5"     daemon [_thread_blocked, id=15068, stack(0x0000000955d00000,0x0000000955e00000) (1024K)]
  0x000001f97ee599c0 JavaThread "ForkJoinPool.commonPool-worker-25" daemon [_thread_blocked, id=9424, stack(0x0000000951a00000,0x0000000951b00000) (1024K)]
  0x000001f97ee5a6e0 JavaThread "ForkJoinPool.commonPool-worker-26" daemon [_thread_blocked, id=19028, stack(0x0000000953800000,0x0000000953900000) (1024K)]
  0x000001f97ee5a050 JavaThread "ForkJoinPool.commonPool-worker-27" daemon [_thread_blocked, id=23924, stack(0x0000000953c00000,0x0000000953d00000) (1024K)]
  0x000001f97ee57260 JavaThread "ForkJoinPool.commonPool-worker-28" daemon [_thread_blocked, id=8544, stack(0x0000000951800000,0x0000000951900000) (1024K)]
  0x000001f97ee578f0 JavaThread "ForkJoinPool.commonPool-worker-29" daemon [_thread_blocked, id=3760, stack(0x0000000951900000,0x0000000951a00000) (1024K)]
  0x000001f97ee59330 JavaThread "ForkJoinPool.commonPool-worker-30" daemon [_thread_blocked, id=15192, stack(0x0000000953e00000,0x0000000953f00000) (1024K)]
  0x000001f97ee58610 JavaThread "ForkJoinPool.commonPool-worker-31" daemon [_thread_blocked, id=23848, stack(0x0000000953f00000,0x0000000954000000) (1024K)]
  0x000001f97ee55eb0 JavaThread "ForkJoinPool.commonPool-worker-32" daemon [_thread_blocked, id=27560, stack(0x0000000954000000,0x0000000954100000) (1024K)]
  0x000001f97ee54470 JavaThread "ForkJoinPool.commonPool-worker-33" daemon [_thread_blocked, id=27020, stack(0x0000000954100000,0x0000000954200000) (1024K)]
  0x000001f97ee54b00 JavaThread "ForkJoinPool.commonPool-worker-34" daemon [_thread_blocked, id=15620, stack(0x0000000954200000,0x0000000954300000) (1024K)]
  0x000001f97ee55820 JavaThread "ForkJoinPool.commonPool-worker-35" daemon [_thread_blocked, id=26648, stack(0x0000000955300000,0x0000000955400000) (1024K)]
  0x000001f979e8ae30 JavaThread "Worker-15"                         [_thread_blocked, id=25720, stack(0x0000000955400000,0x0000000955500000) (1024K)]
  0x000001f979e8dc20 JavaThread "Worker-16"                         [_thread_blocked, id=8648, stack(0x0000000955500000,0x0000000955600000) (1024K)]
  0x000001f979e90380 JavaThread "Worker-17"                         [_thread_blocked, id=18948, stack(0x0000000955600000,0x0000000955700000) (1024K)]
Total: 59

Other Threads:
  0x000001f9732710a0 VMThread "VM Thread"                           [id=21188, stack(0x0000000951e00000,0x0000000951f00000) (1024K)]
  0x000001f971cdca00 WatcherThread "VM Periodic Task Thread"        [id=22588, stack(0x0000000951d00000,0x0000000951e00000) (1024K)]
  0x000001f95da2ecd0 WorkerThread "GC Thread#0"                     [id=9528, stack(0x0000000951c00000,0x0000000951d00000) (1024K)]
  0x000001f974312a50 WorkerThread "GC Thread#1"                     [id=11080, stack(0x0000000952a00000,0x0000000952b00000) (1024K)]
  0x000001f974312df0 WorkerThread "GC Thread#2"                     [id=23936, stack(0x0000000952b00000,0x0000000952c00000) (1024K)]
  0x000001f974313190 WorkerThread "GC Thread#3"                     [id=13380, stack(0x0000000952c00000,0x0000000952d00000) (1024K)]
  0x000001f9735c9570 WorkerThread "GC Thread#4"                     [id=9180, stack(0x0000000952d00000,0x0000000952e00000) (1024K)]
  0x000001f9735c9910 WorkerThread "GC Thread#5"                     [id=22240, stack(0x0000000952e00000,0x0000000952f00000) (1024K)]
  0x000001f9735c9cb0 WorkerThread "GC Thread#6"                     [id=19224, stack(0x0000000952f00000,0x0000000953000000) (1024K)]
  0x000001f974553000 WorkerThread "GC Thread#7"                     [id=25200, stack(0x0000000953100000,0x0000000953200000) (1024K)]
  0x000001f9794a1390 WorkerThread "GC Thread#8"                     [id=5792, stack(0x0000000953500000,0x0000000953600000) (1024K)]
  0x000001f9794a1e70 WorkerThread "GC Thread#9"                     [id=25384, stack(0x0000000953600000,0x0000000953700000) (1024K)]
Total: 12

Threads with active compile tasks:
C2 CompilerThread0  3188885 32702       4       org.eclipse.jdt.core.dom.ASTConverter::convert (1519 bytes)
Total: 1

VM state: not at safepoint (normal execution)

VM Mutex/Monitor currently owned by a thread: None

Heap address: 0x00000000c0000000, size: 1024 MB, Compressed Oops mode: 32-bit

CDS archive(s) mapped at: [0x000001f900000000-0x000001f900ba0000-0x000001f900ba0000), size 12189696, SharedBaseAddress: 0x000001f900000000, ArchiveRelocationMode: 1.
Compressed class space mapped at: 0x000001f901000000-0x000001f941000000, reserved size: 1073741824
Narrow klass base: 0x000001f900000000, Narrow klass shift: 0, Narrow klass range: 0x100000000

GC Precious Log:
 CardTable entry size: 512
 CPUs: 12 total, 12 available
 Memory: 7532M
 Large Page Support: Disabled
 NUMA Support: Disabled
 Compressed Oops: Enabled (32-bit)
 Alignments: Space 512K, Generation 512K, Heap 2M
 Heap Min Capacity: 100M
 Heap Initial Capacity: 100M
 Heap Max Capacity: 1G
 Pre-touch: Disabled
 Parallel Workers: 10

Heap:
 PSYoungGen      total 10240K, used 6468K [0x00000000eab00000, 0x00000000eb680000, 0x0000000100000000)
  eden space 9216K, 66% used [0x00000000eab00000,0x00000000eb1012d8,0x00000000eb400000)
  from space 1024K, 31% used [0x00000000eb480000,0x00000000eb4d0000,0x00000000eb580000)
  to   space 512K, 0% used [0x00000000eb600000,0x00000000eb600000,0x00000000eb680000)
 ParOldGen       total 367616K, used 367595K [0x00000000c0000000, 0x00000000d6700000, 0x00000000eab00000)
  object space 367616K, 99% used [0x00000000c0000000,0x00000000d66faff0,0x00000000d6700000)
 Metaspace       used 91090K, committed 92864K, reserved 1179648K
  class space    used 8863K, committed 9792K, reserved 1048576K

Card table byte_map: [0x000001f95d3d0000,0x000001f95d5e0000] _byte_map_base: 0x000001f95cdd0000

Marking Bits: (ParMarkBitMap*) 0x00007ffa1b4b3260
 Begin Bits: [0x000001f96fc00000, 0x000001f970c00000)
 End Bits:   [0x000001f970c00000, 0x000001f971c00000)

Polling page: 0x000001f95b910000

Metaspace:

Usage:
  Non-class:     80.30 MB used.
      Class:      8.66 MB used.
       Both:     88.96 MB used.

Virtual space:
  Non-class space:      128.00 MB reserved,      81.12 MB ( 63%) committed,  2 nodes.
      Class space:        1.00 GB reserved,       9.56 MB ( <1%) committed,  1 nodes.
             Both:        1.12 GB reserved,      90.69 MB (  8%) committed. 

Chunk freelists:
   Non-Class:  14.55 MB
       Class:  6.62 MB
        Both:  21.16 MB

MaxMetaspaceSize: unlimited
CompressedClassSpaceSize: 1.00 GB
Initial GC threshold: 21.00 MB
Current GC threshold: 150.94 MB
CDS: on
 - commit_granule_bytes: 65536.
 - commit_granule_words: 8192.
 - virtual_space_node_default_size: 8388608.
 - enlarge_chunks_in_place: 1.
 - use_allocation_guard: 0.


Internal statistics:

num_allocs_failed_limit: 9.
num_arena_births: 2158.
num_arena_deaths: 670.
num_vsnodes_births: 3.
num_vsnodes_deaths: 0.
num_space_committed: 1451.
num_space_uncommitted: 0.
num_chunks_returned_to_freelist: 854.
num_chunks_taken_from_freelist: 7214.
num_chunk_merges: 232.
num_chunk_splits: 4020.
num_chunks_enlarged: 2083.
num_inconsistent_stats: 0.

CodeHeap 'non-profiled nmethods': size=120000Kb used=22370Kb max_used=24721Kb free=97630Kb
 bounds [0x000001f9686d0000, 0x000001f969f00000, 0x000001f96fc00000]
CodeHeap 'profiled nmethods': size=120000Kb used=25452Kb max_used=57688Kb free=94547Kb
 bounds [0x000001f960c00000, 0x000001f9644a0000, 0x000001f968130000]
CodeHeap 'non-nmethods': size=5760Kb used=1513Kb max_used=1618Kb free=4247Kb
 bounds [0x000001f968130000, 0x000001f9683a0000, 0x000001f9686d0000]
 total_blobs=14517 nmethods=13687 adapters=731
 compilation: enabled
              stopped_count=0, restarted_count=0
 full_count=0

Compilation events (20 events):
Event: 3188.451 Thread 0x000001f95dac4400 32694       3       org.eclipse.jdt.internal.corext.codemanipulation.RedundantNullnessTypeAnnotationsFilter::determineNonNullByDefaultLocations (33 bytes)
Event: 3188.457 Thread 0x000001f95dac4400 nmethod 32694 0x000001f96204ce90 code [0x000001f96204d080, 0x000001f96204d360]
Event: 3188.457 Thread 0x000001f95dac4400 32695       3       org.eclipse.jdt.internal.corext.refactoring.code.ExtractMethodRefactoring$UsedNamesCollector::visit (29 bytes)
Event: 3188.457 Thread 0x000001f95dac4400 nmethod 32695 0x000001f96128f090 code [0x000001f96128f260, 0x000001f96128f588]
Event: 3188.461 Thread 0x000001f95dac4400 32697       1       org.eclipse.jdt.ls.core.internal.preferences.Preferences::getAvoidVolatileChanges (5 bytes)
Event: 3188.462 Thread 0x000001f95dac4400 nmethod 32697 0x000001f968a1b490 code [0x000001f968a1b620, 0x000001f968a1b6f0]
Event: 3188.463 Thread 0x000001f95dac4400 32698       3       org.eclipse.jdt.core.dom.WhileStatement::internalStructuralPropertiesForType (5 bytes)
Event: 3188.463 Thread 0x000001f95dac4400 nmethod 32698 0x000001f961235f90 code [0x000001f961236140, 0x000001f9612362b0]
Event: 3188.463 Thread 0x000001f95dac4400 32699       3       org.eclipse.jdt.core.dom.WhileStatement::propertyDescriptors (4 bytes)
Event: 3188.463 Thread 0x000001f95dac4400 nmethod 32699 0x000001f960ce1110 code [0x000001f960ce12a0, 0x000001f960ce1398]
Event: 3188.480 Thread 0x000001f95dac2ed0 nmethod 32692 0x000001f969863c10 code [0x000001f969863f20, 0x000001f969865b20]
Event: 3188.480 Thread 0x000001f95dac2ed0 32693       4       org.eclipse.jdt.core.dom.VariableBinding::getName (30 bytes)
Event: 3188.483 Thread 0x000001f95dac2ed0 nmethod 32693 0x000001f9692a1b10 code [0x000001f9692a1cc0, 0x000001f9692a2150]
Event: 3188.483 Thread 0x000001f95dac2ed0 32696       4       org.eclipse.jdt.internal.corext.dom.GenericVisitor::endVisit (6 bytes)
Event: 3188.483 Thread 0x000001f95dac2ed0 nmethod 32696 0x000001f968a3a090 code [0x000001f968a3a220, 0x000001f968a3a2a8]
Event: 3188.489 Thread 0x000001f95dac2ed0 32700 %     4       java.util.Arrays::fill @ 10 (28 bytes)
Event: 3188.491 Thread 0x000001f95dac2ed0 nmethod 32700% 0x000001f968b0c790 code [0x000001f968b0c920, 0x000001f968b0cac8]
Event: 3188.491 Thread 0x000001f95dac2ed0 32701       4       org.eclipse.jdt.internal.formatter.TextEditsBuilder::appendIndentationString (158 bytes)
Event: 3188.500 Thread 0x000001f95dac2ed0 nmethod 32701 0x000001f968ff7590 code [0x000001f968ff7780, 0x000001f968ff7dd8]
Event: 3188.501 Thread 0x000001f95dac2ed0 32702       4       org.eclipse.jdt.core.dom.ASTConverter::convert (1519 bytes)

GC Heap History (20 events):
Event: 3186.959 GC heap before
{Heap before GC invocations=2661 (full 10):
 PSYoungGen      total 10240K, used 10080K [0x00000000eab00000, 0x00000000eb800000, 0x0000000100000000)
  eden space 9216K, 100% used [0x00000000eab00000,0x00000000eb400000,0x00000000eb400000)
  from space 1024K, 84% used [0x00000000eb400000,0x00000000eb4d8040,0x00000000eb500000)
  to   space 1024K, 0% used [0x00000000eb700000,0x00000000eb700000,0x00000000eb800000)
 ParOldGen       total 364032K, used 363785K [0x00000000c0000000, 0x00000000d6380000, 0x00000000eab00000)
  object space 364032K, 99% used [0x00000000c0000000,0x00000000d6342718,0x00000000d6380000)
 Metaspace       used 91078K, committed 92800K, reserved 1179648K
  class space    used 8863K, committed 9792K, reserved 1048576K
}
Event: 3186.961 GC heap after
{Heap after GC invocations=2661 (full 10):
 PSYoungGen      total 10240K, used 1016K [0x00000000eab00000, 0x00000000eb900000, 0x0000000100000000)
  eden space 9216K, 0% used [0x00000000eab00000,0x00000000eab00000,0x00000000eb400000)
  from space 1024K, 99% used [0x00000000eb700000,0x00000000eb7fe0d8,0x00000000eb800000)
  to   space 2560K, 0% used [0x00000000eb400000,0x00000000eb400000,0x00000000eb680000)
 ParOldGen       total 365056K, used 364655K [0x00000000c0000000, 0x00000000d6480000, 0x00000000eab00000)
  object space 365056K, 99% used [0x00000000c0000000,0x00000000d641bdf8,0x00000000d6480000)
 Metaspace       used 91078K, committed 92800K, reserved 1179648K
  class space    used 8863K, committed 9792K, reserved 1048576K
}
Event: 3187.001 GC heap before
{Heap before GC invocations=2662 (full 10):
 PSYoungGen      total 10240K, used 10232K [0x00000000eab00000, 0x00000000eb900000, 0x0000000100000000)
  eden space 9216K, 100% used [0x00000000eab00000,0x00000000eb400000,0x00000000eb400000)
  from space 1024K, 99% used [0x00000000eb700000,0x00000000eb7fe0d8,0x00000000eb800000)
  to   space 2560K, 0% used [0x00000000eb400000,0x00000000eb400000,0x00000000eb680000)
 ParOldGen       total 365056K, used 364655K [0x00000000c0000000, 0x00000000d6480000, 0x00000000eab00000)
  object space 365056K, 99% used [0x00000000c0000000,0x00000000d641bdf8,0x00000000d6480000)
 Metaspace       used 91078K, committed 92800K, reserved 1179648K
  class space    used 8863K, committed 9792K, reserved 1048576K
}
Event: 3187.004 GC heap after
{Heap after GC invocations=2662 (full 10):
 PSYoungGen      total 10240K, used 704K [0x00000000eab00000, 0x00000000eb780000, 0x0000000100000000)
  eden space 9216K, 0% used [0x00000000eab00000,0x00000000eab00000,0x00000000eb400000)
  from space 1024K, 68% used [0x00000000eb400000,0x00000000eb4b0360,0x00000000eb500000)
  to   space 1536K, 0% used [0x00000000eb600000,0x00000000eb600000,0x00000000eb780000)
 ParOldGen       total 366080K, used 365796K [0x00000000c0000000, 0x00000000d6580000, 0x00000000eab00000)
  object space 366080K, 99% used [0x00000000c0000000,0x00000000d65390b0,0x00000000d6580000)
 Metaspace       used 91078K, committed 92800K, reserved 1179648K
  class space    used 8863K, committed 9792K, reserved 1048576K
}
Event: 3187.123 GC heap before
{Heap before GC invocations=2663 (full 10):
 PSYoungGen      total 10240K, used 9920K [0x00000000eab00000, 0x00000000eb780000, 0x0000000100000000)
  eden space 9216K, 100% used [0x00000000eab00000,0x00000000eb400000,0x00000000eb400000)
  from space 1024K, 68% used [0x00000000eb400000,0x00000000eb4b0360,0x00000000eb500000)
  to   space 1536K, 0% used [0x00000000eb600000,0x00000000eb600000,0x00000000eb780000)
 ParOldGen       total 366080K, used 365796K [0x00000000c0000000, 0x00000000d6580000, 0x00000000eab00000)
  object space 366080K, 99% used [0x00000000c0000000,0x00000000d65390b0,0x00000000d6580000)
 Metaspace       used 91078K, committed 92800K, reserved 1179648K
  class space    used 8863K, committed 9792K, reserved 1048576K
}
Event: 3187.125 GC heap after
{Heap after GC invocations=2663 (full 10):
 PSYoungGen      total 9728K, used 192K [0x00000000eab00000, 0x00000000eb680000, 0x0000000100000000)
  eden space 9216K, 0% used [0x00000000eab00000,0x00000000eab00000,0x00000000eb400000)
  from space 512K, 37% used [0x00000000eb600000,0x00000000eb630000,0x00000000eb680000)
  to   space 512K, 0% used [0x00000000eb580000,0x00000000eb580000,0x00000000eb600000)
 ParOldGen       total 366080K, used 365844K [0x00000000c0000000, 0x00000000d6580000, 0x00000000eab00000)
  object space 366080K, 99% used [0x00000000c0000000,0x00000000d65450b0,0x00000000d6580000)
 Metaspace       used 91078K, committed 92800K, reserved 1179648K
  class space    used 8863K, committed 9792K, reserved 1048576K
}
Event: 3187.491 GC heap before
{Heap before GC invocations=2664 (full 10):
 PSYoungGen      total 9728K, used 9408K [0x00000000eab00000, 0x00000000eb680000, 0x0000000100000000)
  eden space 9216K, 100% used [0x00000000eab00000,0x00000000eb400000,0x00000000eb400000)
  from space 512K, 37% used [0x00000000eb600000,0x00000000eb630000,0x00000000eb680000)
  to   space 512K, 0% used [0x00000000eb580000,0x00000000eb580000,0x00000000eb600000)
 ParOldGen       total 366080K, used 365844K [0x00000000c0000000, 0x00000000d6580000, 0x00000000eab00000)
  object space 366080K, 99% used [0x00000000c0000000,0x00000000d65450b0,0x00000000d6580000)
 Metaspace       used 91083K, committed 92800K, reserved 1179648K
  class space    used 8863K, committed 9792K, reserved 1048576K
}
Event: 3187.492 GC heap after
{Heap after GC invocations=2664 (full 10):
 PSYoungGen      total 9728K, used 508K [0x00000000eab00000, 0x00000000eb680000, 0x0000000100000000)
  eden space 9216K, 0% used [0x00000000eab00000,0x00000000eab00000,0x00000000eb400000)
  from space 512K, 99% used [0x00000000eb580000,0x00000000eb5ff1d0,0x00000000eb600000)
  to   space 512K, 0% used [0x00000000eb600000,0x00000000eb600000,0x00000000eb680000)
 ParOldGen       total 366080K, used 365996K [0x00000000c0000000, 0x00000000d6580000, 0x00000000eab00000)
  object space 366080K, 99% used [0x00000000c0000000,0x00000000d656b188,0x00000000d6580000)
 Metaspace       used 91083K, committed 92800K, reserved 1179648K
  class space    used 8863K, committed 9792K, reserved 1048576K
}
Event: 3187.524 GC heap before
{Heap before GC invocations=2665 (full 10):
 PSYoungGen      total 9728K, used 9724K [0x00000000eab00000, 0x00000000eb680000, 0x0000000100000000)
  eden space 9216K, 100% used [0x00000000eab00000,0x00000000eb400000,0x00000000eb400000)
  from space 512K, 99% used [0x00000000eb580000,0x00000000eb5ff1d0,0x00000000eb600000)
  to   space 512K, 0% used [0x00000000eb600000,0x00000000eb600000,0x00000000eb680000)
 ParOldGen       total 366080K, used 365996K [0x00000000c0000000, 0x00000000d6580000, 0x00000000eab00000)
  object space 366080K, 99% used [0x00000000c0000000,0x00000000d656b188,0x00000000d6580000)
 Metaspace       used 91083K, committed 92800K, reserved 1179648K
  class space    used 8863K, committed 9792K, reserved 1048576K
}
Event: 3187.525 GC heap after
{Heap after GC invocations=2665 (full 10):
 PSYoungGen      total 9728K, used 432K [0x00000000eab00000, 0x00000000eb680000, 0x0000000100000000)
  eden space 9216K, 0% used [0x00000000eab00000,0x00000000eab00000,0x00000000eb400000)
  from space 512K, 84% used [0x00000000eb600000,0x00000000eb66c1b0,0x00000000eb680000)
  to   space 1024K, 0% used [0x00000000eb480000,0x00000000eb480000,0x00000000eb580000)
 ParOldGen       total 366592K, used 366384K [0x00000000c0000000, 0x00000000d6600000, 0x00000000eab00000)
  object space 366592K, 99% used [0x00000000c0000000,0x00000000d65cc358,0x00000000d6600000)
 Metaspace       used 91083K, committed 92800K, reserved 1179648K
  class space    used 8863K, committed 9792K, reserved 1048576K
}
Event: 3187.776 GC heap before
{Heap before GC invocations=2666 (full 10):
 PSYoungGen      total 9728K, used 9648K [0x00000000eab00000, 0x00000000eb680000, 0x0000000100000000)
  eden space 9216K, 100% used [0x00000000eab00000,0x00000000eb400000,0x00000000eb400000)
  from space 512K, 84% used [0x00000000eb600000,0x00000000eb66c1b0,0x00000000eb680000)
  to   space 1024K, 0% used [0x00000000eb480000,0x00000000eb480000,0x00000000eb580000)
 ParOldGen       total 366592K, used 366384K [0x00000000c0000000, 0x00000000d6600000, 0x00000000eab00000)
  object space 366592K, 99% used [0x00000000c0000000,0x00000000d65cc358,0x00000000d6600000)
 Metaspace       used 91083K, committed 92800K, reserved 1179648K
  class space    used 8863K, committed 9792K, reserved 1048576K
}
Event: 3187.777 GC heap after
{Heap after GC invocations=2666 (full 10):
 PSYoungGen      total 10240K, used 256K [0x00000000eab00000, 0x00000000eb680000, 0x0000000100000000)
  eden space 9216K, 0% used [0x00000000eab00000,0x00000000eab00000,0x00000000eb400000)
  from space 1024K, 25% used [0x00000000eb480000,0x00000000eb4c0000,0x00000000eb580000)
  to   space 512K, 0% used [0x00000000eb600000,0x00000000eb600000,0x00000000eb680000)
 ParOldGen       total 366592K, used 366440K [0x00000000c0000000, 0x00000000d6600000, 0x00000000eab00000)
  object space 366592K, 99% used [0x00000000c0000000,0x00000000d65da358,0x00000000d6600000)
 Metaspace       used 91083K, committed 92800K, reserved 1179648K
  class space    used 8863K, committed 9792K, reserved 1048576K
}
Event: 3187.962 GC heap before
{Heap before GC invocations=2667 (full 10):
 PSYoungGen      total 10240K, used 9472K [0x00000000eab00000, 0x00000000eb680000, 0x0000000100000000)
  eden space 9216K, 100% used [0x00000000eab00000,0x00000000eb400000,0x00000000eb400000)
  from space 1024K, 25% used [0x00000000eb480000,0x00000000eb4c0000,0x00000000eb580000)
  to   space 512K, 0% used [0x00000000eb600000,0x00000000eb600000,0x00000000eb680000)
 ParOldGen       total 366592K, used 366440K [0x00000000c0000000, 0x00000000d6600000, 0x00000000eab00000)
  object space 366592K, 99% used [0x00000000c0000000,0x00000000d65da358,0x00000000d6600000)
 Metaspace       used 91083K, committed 92800K, reserved 1179648K
  class space    used 8863K, committed 9792K, reserved 1048576K
}
Event: 3187.964 GC heap after
{Heap after GC invocations=2667 (full 10):
 PSYoungGen      total 9728K, used 464K [0x00000000eab00000, 0x00000000eb680000, 0x0000000100000000)
  eden space 9216K, 0% used [0x00000000eab00000,0x00000000eab00000,0x00000000eb400000)
  from space 512K, 90% used [0x00000000eb600000,0x00000000eb6741b0,0x00000000eb680000)
  to   space 512K, 0% used [0x00000000eb580000,0x00000000eb580000,0x00000000eb600000)
 ParOldGen       total 366592K, used 366577K [0x00000000c0000000, 0x00000000d6600000, 0x00000000eab00000)
  object space 366592K, 99% used [0x00000000c0000000,0x00000000d65fc430,0x00000000d6600000)
 Metaspace       used 91083K, committed 92800K, reserved 1179648K
  class space    used 8863K, committed 9792K, reserved 1048576K
}
Event: 3187.998 GC heap before
{Heap before GC invocations=2668 (full 10):
 PSYoungGen      total 9728K, used 9680K [0x00000000eab00000, 0x00000000eb680000, 0x0000000100000000)
  eden space 9216K, 100% used [0x00000000eab00000,0x00000000eb400000,0x00000000eb400000)
  from space 512K, 90% used [0x00000000eb600000,0x00000000eb6741b0,0x00000000eb680000)
  to   space 512K, 0% used [0x00000000eb580000,0x00000000eb580000,0x00000000eb600000)
 ParOldGen       total 366592K, used 366577K [0x00000000c0000000, 0x00000000d6600000, 0x00000000eab00000)
  object space 366592K, 99% used [0x00000000c0000000,0x00000000d65fc430,0x00000000d6600000)
 Metaspace       used 91083K, committed 92800K, reserved 1179648K
  class space    used 8863K, committed 9792K, reserved 1048576K
}
Event: 3188.001 GC heap after
{Heap after GC invocations=2668 (full 10):
 PSYoungGen      total 9728K, used 288K [0x00000000eab00000, 0x00000000eb680000, 0x0000000100000000)
  eden space 9216K, 0% used [0x00000000eab00000,0x00000000eab00000,0x00000000eb400000)
  from space 512K, 56% used [0x00000000eb580000,0x00000000eb5c8000,0x00000000eb600000)
  to   space 512K, 0% used [0x00000000eb600000,0x00000000eb600000,0x00000000eb680000)
 ParOldGen       total 367104K, used 367001K [0x00000000c0000000, 0x00000000d6680000, 0x00000000eab00000)
  object space 367104K, 99% used [0x00000000c0000000,0x00000000d66666b8,0x00000000d6680000)
 Metaspace       used 91083K, committed 92800K, reserved 1179648K
  class space    used 8863K, committed 9792K, reserved 1048576K
}
Event: 3188.469 GC heap before
{Heap before GC invocations=2669 (full 10):
 PSYoungGen      total 9728K, used 9504K [0x00000000eab00000, 0x00000000eb680000, 0x0000000100000000)
  eden space 9216K, 100% used [0x00000000eab00000,0x00000000eb400000,0x00000000eb400000)
  from space 512K, 56% used [0x00000000eb580000,0x00000000eb5c8000,0x00000000eb600000)
  to   space 512K, 0% used [0x00000000eb600000,0x00000000eb600000,0x00000000eb680000)
 ParOldGen       total 367104K, used 367001K [0x00000000c0000000, 0x00000000d6680000, 0x00000000eab00000)
  object space 367104K, 99% used [0x00000000c0000000,0x00000000d66666b8,0x00000000d6680000)
 Metaspace       used 91088K, committed 92864K, reserved 1179648K
  class space    used 8863K, committed 9792K, reserved 1048576K
}
Event: 3188.476 GC heap after
{Heap after GC invocations=2669 (full 10):
 PSYoungGen      total 9728K, used 496K [0x00000000eab00000, 0x00000000eb680000, 0x0000000100000000)
  eden space 9216K, 0% used [0x00000000eab00000,0x00000000eab00000,0x00000000eb400000)
  from space 512K, 96% used [0x00000000eb600000,0x00000000eb67c1b0,0x00000000eb680000)
  to   space 1024K, 0% used [0x00000000eb480000,0x00000000eb480000,0x00000000eb580000)
 ParOldGen       total 367616K, used 367234K [0x00000000c0000000, 0x00000000d6700000, 0x00000000eab00000)
  object space 367616K, 99% used [0x00000000c0000000,0x00000000d66a0868,0x00000000d6700000)
 Metaspace       used 91088K, committed 92864K, reserved 1179648K
  class space    used 8863K, committed 9792K, reserved 1048576K
}
Event: 3188.498 GC heap before
{Heap before GC invocations=2670 (full 10):
 PSYoungGen      total 9728K, used 9712K [0x00000000eab00000, 0x00000000eb680000, 0x0000000100000000)
  eden space 9216K, 100% used [0x00000000eab00000,0x00000000eb400000,0x00000000eb400000)
  from space 512K, 96% used [0x00000000eb600000,0x00000000eb67c1b0,0x00000000eb680000)
  to   space 1024K, 0% used [0x00000000eb480000,0x00000000eb480000,0x00000000eb580000)
 ParOldGen       total 367616K, used 367234K [0x00000000c0000000, 0x00000000d6700000, 0x00000000eab00000)
  object space 367616K, 99% used [0x00000000c0000000,0x00000000d66a0868,0x00000000d6700000)
 Metaspace       used 91088K, committed 92864K, reserved 1179648K
  class space    used 8863K, committed 9792K, reserved 1048576K
}
Event: 3188.500 GC heap after
{Heap after GC invocations=2670 (full 10):
 PSYoungGen      total 10240K, used 320K [0x00000000eab00000, 0x00000000eb680000, 0x0000000100000000)
  eden space 9216K, 0% used [0x00000000eab00000,0x00000000eab00000,0x00000000eb400000)
  from space 1024K, 31% used [0x00000000eb480000,0x00000000eb4d0000,0x00000000eb580000)
  to   space 512K, 0% used [0x00000000eb600000,0x00000000eb600000,0x00000000eb680000)
 ParOldGen       total 367616K, used 367595K [0x00000000c0000000, 0x00000000d6700000, 0x00000000eab00000)
  object space 367616K, 99% used [0x00000000c0000000,0x00000000d66faff0,0x00000000d6700000)
 Metaspace       used 91088K, committed 92864K, reserved 1179648K
  class space    used 8863K, committed 9792K, reserved 1048576K
}

Dll operation events (12 events):
Event: 0.017 Loaded shared library c:\Users\acer\.vscode\extensions\redhat.java-1.40.0-win32-x64\jre\21.0.6-win32-x86_64\bin\java.dll
Event: 0.200 Loaded shared library c:\Users\acer\.vscode\extensions\redhat.java-1.40.0-win32-x64\jre\21.0.6-win32-x86_64\bin\zip.dll
Event: 0.265 Loaded shared library C:\Users\acer\.vscode\extensions\redhat.java-1.40.0-win32-x64\jre\21.0.6-win32-x86_64\bin\instrument.dll
Event: 0.275 Loaded shared library C:\Users\acer\.vscode\extensions\redhat.java-1.40.0-win32-x64\jre\21.0.6-win32-x86_64\bin\net.dll
Event: 0.278 Loaded shared library C:\Users\acer\.vscode\extensions\redhat.java-1.40.0-win32-x64\jre\21.0.6-win32-x86_64\bin\nio.dll
Event: 0.282 Loaded shared library C:\Users\acer\.vscode\extensions\redhat.java-1.40.0-win32-x64\jre\21.0.6-win32-x86_64\bin\zip.dll
Event: 0.354 Loaded shared library C:\Users\acer\.vscode\extensions\redhat.java-1.40.0-win32-x64\jre\21.0.6-win32-x86_64\bin\jimage.dll
Event: 0.570 Loaded shared library c:\Users\acer\.vscode\extensions\redhat.java-1.40.0-win32-x64\jre\21.0.6-win32-x86_64\bin\verify.dll
Event: 7.868 Loaded shared library C:\Users\acer\AppData\Roaming\Code\User\globalStorage\redhat.java\1.40.0\config_win\org.eclipse.equinox.launcher\org.eclipse.equinox.launcher.win32.win32.x86_64_1.2.1200.v20250212-0927\eclipse_11909.dll
Event: 22.476 Loaded shared library C:\Users\acer\AppData\Local\Temp\jna-2988111\jna14219871663611698123.dll
Event: 31.274 Loaded shared library C:\Users\acer\.vscode\extensions\redhat.java-1.40.0-win32-x64\jre\21.0.6-win32-x86_64\bin\sunmscapi.dll
Event: 79.624 Loaded shared library C:\Users\acer\.vscode\extensions\redhat.java-1.40.0-win32-x64\jre\21.0.6-win32-x86_64\bin\extnet.dll

Deoptimization events (20 events):
Event: 3187.133 Thread 0x000001f97ee599c0 DEOPT PACKING pc=0x000001f969734970 sp=0x0000000951afe0a0
Event: 3187.133 Thread 0x000001f97ee599c0 DEOPT UNPACKING pc=0x000001f968183aa2 sp=0x0000000951afe028 mode 2
Event: 3187.133 Thread 0x000001f97ee599c0 DEOPT PACKING pc=0x000001f9612cd17d sp=0x0000000951afe090
Event: 3187.134 Thread 0x000001f97ee599c0 DEOPT UNPACKING pc=0x000001f968184242 sp=0x0000000951afd518 mode 0
Event: 3187.134 Thread 0x000001f97ee599c0 Uncommon trap: trap_request=0xffffff45 fr.pc=0x000001f96874c478 relative=0x0000000000001c78
Event: 3187.134 Thread 0x000001f97ee599c0 Uncommon trap: reason=unstable_if action=reinterpret pc=0x000001f96874c478 method=org.eclipse.jdt.internal.compiler.parser.Scanner.jumpOverMethodBody()V @ 1092 c2
Event: 3187.134 Thread 0x000001f97ee599c0 DEOPT PACKING pc=0x000001f96874c478 sp=0x0000000951afe120
Event: 3187.134 Thread 0x000001f97ee599c0 DEOPT UNPACKING pc=0x000001f968183aa2 sp=0x0000000951afe0a0 mode 2
Event: 3187.136 Thread 0x000001f97ee599c0 Uncommon trap: trap_request=0xffffff45 fr.pc=0x000001f969926d74 relative=0x0000000000000ef4
Event: 3187.136 Thread 0x000001f97ee599c0 Uncommon trap: reason=unstable_if action=reinterpret pc=0x000001f969926d74 method=org.eclipse.jdt.internal.compiler.parser.Parser.consumeClassDeclaration()V @ 164 c2
Event: 3187.136 Thread 0x000001f97ee599c0 DEOPT PACKING pc=0x000001f969926d74 sp=0x0000000951afe160
Event: 3187.136 Thread 0x000001f97ee599c0 DEOPT UNPACKING pc=0x000001f968183aa2 sp=0x0000000951afe130 mode 2
Event: 3187.477 Thread 0x000001f97ee599c0 Uncommon trap: trap_request=0xffffff45 fr.pc=0x000001f968890834 relative=0x0000000000000094
Event: 3187.477 Thread 0x000001f97ee599c0 Uncommon trap: reason=unstable_if action=reinterpret pc=0x000001f968890834 method=org.eclipse.jdt.core.dom.ASTMatcher.match(Lorg/eclipse/jdt/core/dom/VariableDeclarationFragment;Ljava/lang/Object;)Z @ 4 c2
Event: 3187.477 Thread 0x000001f97ee599c0 DEOPT PACKING pc=0x000001f968890834 sp=0x0000000951afe240
Event: 3187.477 Thread 0x000001f97ee599c0 DEOPT UNPACKING pc=0x000001f968183aa2 sp=0x0000000951afe148 mode 2
Event: 3187.937 Thread 0x000001f97ee599c0 Uncommon trap: trap_request=0xffffff45 fr.pc=0x000001f969800c54 relative=0x0000000000000174
Event: 3187.937 Thread 0x000001f97ee599c0 Uncommon trap: reason=unstable_if action=reinterpret pc=0x000001f969800c54 method=org.eclipse.jdt.internal.corext.dom.SelectionAnalyzer.visitNode(Lorg/eclipse/jdt/core/dom/ASTNode;)Z @ 75 c2
Event: 3187.937 Thread 0x000001f97ee599c0 DEOPT PACKING pc=0x000001f969800c54 sp=0x0000000951afe720
Event: 3187.937 Thread 0x000001f97ee599c0 DEOPT UNPACKING pc=0x000001f968183aa2 sp=0x0000000951afe6b0 mode 2

Classes loaded (20 events):
Event: 2140.261 Loading class jdk/internal/icu/text/NormalizerBase$NFCModeImpl
Event: 2140.263 Loading class jdk/internal/icu/text/NormalizerBase$NFCModeImpl done
Event: 2140.263 Loading class jdk/internal/icu/impl/Norm2AllModes$NFCSingleton
Event: 2140.264 Loading class jdk/internal/icu/impl/Norm2AllModes$NFCSingleton done
Event: 2145.880 Loading class java/util/stream/ReduceOps$5
Event: 2145.881 Loading class java/util/stream/ReduceOps$5 done
Event: 2145.881 Loading class java/util/stream/ReduceOps$CountingSink$OfRef
Event: 2145.882 Loading class java/util/stream/ReduceOps$CountingSink
Event: 2145.883 Loading class java/util/stream/ReduceOps$CountingSink done
Event: 2145.883 Loading class java/util/stream/ReduceOps$CountingSink$OfRef done
Event: 2145.894 Loading class jdk/internal/module/IllegalAccessLogger
Event: 2145.894 Loading class jdk/internal/module/IllegalAccessLogger done
Event: 2215.844 Loading class jdk/internal/module/IllegalAccessLogger
Event: 2215.845 Loading class jdk/internal/module/IllegalAccessLogger done
Event: 2245.025 Loading class jdk/internal/module/IllegalAccessLogger
Event: 2245.026 Loading class jdk/internal/module/IllegalAccessLogger done
Event: 3150.037 Loading class java/lang/Throwable$WrappedPrintWriter
Event: 3150.040 Loading class java/lang/Throwable$PrintStreamOrWriter
Event: 3150.040 Loading class java/lang/Throwable$PrintStreamOrWriter done
Event: 3150.040 Loading class java/lang/Throwable$WrappedPrintWriter done

Classes unloaded (20 events):
Event: 3116.945 Thread 0x000001f9732710a0 Unloading class 0x000001f9011cd400 'java/lang/invoke/LambdaForm$BMH+0x000001f9011cd400'
Event: 3116.945 Thread 0x000001f9732710a0 Unloading class 0x000001f90119e000 'java/lang/invoke/LambdaForm$MH+0x000001f90119e000'
Event: 3116.945 Thread 0x000001f9732710a0 Unloading class 0x000001f90119dc00 'java/lang/invoke/LambdaForm$MH+0x000001f90119dc00'
Event: 3116.946 Thread 0x000001f9732710a0 Unloading class 0x000001f90119ac00 'java/lang/invoke/LambdaForm$MH+0x000001f90119ac00'
Event: 3116.946 Thread 0x000001f9732710a0 Unloading class 0x000001f901166400 'java/lang/invoke/LambdaForm$MH+0x000001f901166400'
Event: 3116.946 Thread 0x000001f9732710a0 Unloading class 0x000001f901164400 'java/lang/invoke/LambdaForm$MH+0x000001f901164400'
Event: 3116.947 Thread 0x000001f9732710a0 Unloading class 0x000001f901163c00 'java/lang/invoke/LambdaForm$MH+0x000001f901163c00'
Event: 3116.947 Thread 0x000001f9732710a0 Unloading class 0x000001f901163800 'java/lang/invoke/LambdaForm$MH+0x000001f901163800'
Event: 3116.947 Thread 0x000001f9732710a0 Unloading class 0x000001f901163400 'java/lang/invoke/LambdaForm$MH+0x000001f901163400'
Event: 3116.947 Thread 0x000001f9732710a0 Unloading class 0x000001f901163000 'java/lang/invoke/LambdaForm$MH+0x000001f901163000'
Event: 3116.947 Thread 0x000001f9732710a0 Unloading class 0x000001f901162800 'java/lang/invoke/LambdaForm$MH+0x000001f901162800'
Event: 3116.947 Thread 0x000001f9732710a0 Unloading class 0x000001f901162400 'java/lang/invoke/LambdaForm$MH+0x000001f901162400'
Event: 3116.947 Thread 0x000001f9732710a0 Unloading class 0x000001f901162000 'java/lang/invoke/LambdaForm$MH+0x000001f901162000'
Event: 3116.947 Thread 0x000001f9732710a0 Unloading class 0x000001f901122c00 'java/lang/invoke/LambdaForm$MH+0x000001f901122c00'
Event: 3116.947 Thread 0x000001f9732710a0 Unloading class 0x000001f901121c00 'java/lang/invoke/LambdaForm$MH+0x000001f901121c00'
Event: 3116.947 Thread 0x000001f9732710a0 Unloading class 0x000001f901121800 'java/lang/invoke/LambdaForm$MH+0x000001f901121800'
Event: 3116.947 Thread 0x000001f9732710a0 Unloading class 0x000001f901121000 'java/lang/invoke/LambdaForm$MH+0x000001f901121000'
Event: 3116.947 Thread 0x000001f9732710a0 Unloading class 0x000001f901120000 'java/lang/invoke/LambdaForm$MH+0x000001f901120000'
Event: 3116.947 Thread 0x000001f9732710a0 Unloading class 0x000001f901089400 'java/lang/invoke/LambdaForm$MH+0x000001f901089400'
Event: 3116.947 Thread 0x000001f9732710a0 Unloading class 0x000001f901000400 'java/lang/invoke/LambdaForm$MH+0x000001f901000400'

Classes redefined (0 events):
No events

Internal exceptions (20 events):
Event: 2447.102 Thread 0x000001f979e89a80 Implicit null exception at 0x000001f969438673 to 0x000001f969438c80
Event: 2447.103 Thread 0x000001f979e89a80 Exception <a 'java/lang/NoSuchMethodError'{0x00000000eac0ca98}: static [J.<clinit>()V> (0x00000000eac0ca98) 
thrown [s\src\hotspot\share\prims\jni.cpp, line 1111]
Event: 3111.749 Thread 0x000001f97ee599c0 Exception <a 'java/lang/ClassNotFoundException'{0x00000000eadd6868}: sun/net/www/protocol/jdt/Handler> (0x00000000eadd6868) 
thrown [s\src\hotspot\share\classfile\systemDictionary.cpp, line 312]
Event: 3111.750 Thread 0x000001f97ee599c0 Exception <a 'java/lang/ClassNotFoundException'{0x00000000eade90d8}: sun/net/www/protocol/jdt/Handler> (0x00000000eade90d8) 
thrown [s\src\hotspot\share\classfile\systemDictionary.cpp, line 312]
Event: 3126.662 Thread 0x000001f979c2f300 Implicit null exception at 0x000001f9698ab3a5 to 0x000001f9698aea90
Event: 3131.659 Thread 0x000001f979c2f300 Exception <a 'java/lang/ArrayIndexOutOfBoundsException'{0x00000000eb410ff8}> (0x00000000eb410ff8) 
thrown [s\src\hotspot\share\runtime\sharedRuntime.cpp, line 625]
Event: 3132.171 Thread 0x000001f979c2f300 Exception <a 'java/lang/ArrayIndexOutOfBoundsException'{0x00000000eb232c98}> (0x00000000eb232c98) 
thrown [s\src\hotspot\share\runtime\sharedRuntime.cpp, line 625]
Event: 3133.736 Thread 0x000001f979c2f300 Exception <a 'java/lang/ArrayIndexOutOfBoundsException'{0x00000000ebc6b1b0}> (0x00000000ebc6b1b0) 
thrown [s\src\hotspot\share\runtime\sharedRuntime.cpp, line 625]
Event: 3134.359 Thread 0x000001f979c2f300 Exception <a 'java/lang/ArrayIndexOutOfBoundsException'{0x00000000eaeba9f0}> (0x00000000eaeba9f0) 
thrown [s\src\hotspot\share\runtime\sharedRuntime.cpp, line 625]
Event: 3139.117 Thread 0x000001f979c2f300 Implicit null exception at 0x000001f96947659b to 0x000001f969476b88
Event: 3139.121 Thread 0x000001f979c2f300 Implicit null exception at 0x000001f968ec0388 to 0x000001f968ec16e0
Event: 3139.123 Thread 0x000001f979c2f300 Exception <a 'java/lang/NoSuchMethodError'{0x00000000eb0c7778}: 'void java.lang.invoke.DelegatingMethodHandle$Holder.reinvoke_L(java.lang.Object, java.lang.Object, int)'> (0x00000000eb0c7778) 
thrown [s\src\hotspot\share\interpreter\linkResolver.cpp, line 773]
Event: 3140.732 Thread 0x000001f979c2f300 Exception <a 'java/lang/ArrayIndexOutOfBoundsException'{0x00000000eaf8da50}: Index 3 out of bounds for length 3> (0x00000000eaf8da50) 
thrown [s\src\hotspot\share\interpreter\interpreterRuntime.cpp, line 439]
Event: 3142.673 Thread 0x000001f979c2f300 Exception <a 'java/lang/ArrayIndexOutOfBoundsException'{0x00000000eae5dc40}: Index 3 out of bounds for length 3> (0x00000000eae5dc40) 
thrown [s\src\hotspot\share\interpreter\interpreterRuntime.cpp, line 439]
Event: 3149.800 Thread 0x000001f97ee59330 Implicit null exception at 0x000001f969e7b1e9 to 0x000001f969e7ccd4
Event: 3149.847 Thread 0x000001f97ee59330 Implicit null exception at 0x000001f9698e38ae to 0x000001f9698e4320
Event: 3150.236 Thread 0x000001f97ee59330 Implicit null exception at 0x000001f969515e24 to 0x000001f9695167a4
Event: 3166.511 Thread 0x000001f97ee54470 Implicit null exception at 0x000001f969b3acc1 to 0x000001f969b3d99c
Event: 3166.513 Thread 0x000001f97ee54470 Implicit null exception at 0x000001f969b34eb5 to 0x000001f969b378f4
Event: 3185.703 Thread 0x000001f97ee599c0 Implicit null exception at 0x000001f968f8fdd8 to 0x000001f968f9102c

ZGC Phase Switch (0 events):
No events

VM Operations (20 events):
Event: 3187.123 Executing VM operation: ParallelGCFailedAllocation (Allocation Failure)
Event: 3187.125 Executing VM operation: ParallelGCFailedAllocation (Allocation Failure) done
Event: 3187.262 Executing VM operation: HandshakeAllThreads (HandshakeForDeflation)
Event: 3187.262 Executing VM operation: HandshakeAllThreads (HandshakeForDeflation) done
Event: 3187.262 Executing VM operation: RendezvousGCThreads
Event: 3187.262 Executing VM operation: RendezvousGCThreads done
Event: 3187.491 Executing VM operation: ParallelGCFailedAllocation (Allocation Failure)
Event: 3187.492 Executing VM operation: ParallelGCFailedAllocation (Allocation Failure) done
Event: 3187.524 Executing VM operation: ParallelGCFailedAllocation (Allocation Failure)
Event: 3187.525 Executing VM operation: ParallelGCFailedAllocation (Allocation Failure) done
Event: 3187.776 Executing VM operation: ParallelGCFailedAllocation (Allocation Failure)
Event: 3187.777 Executing VM operation: ParallelGCFailedAllocation (Allocation Failure) done
Event: 3187.962 Executing VM operation: ParallelGCFailedAllocation (Allocation Failure)
Event: 3187.964 Executing VM operation: ParallelGCFailedAllocation (Allocation Failure) done
Event: 3187.998 Executing VM operation: ParallelGCFailedAllocation (Allocation Failure)
Event: 3188.001 Executing VM operation: ParallelGCFailedAllocation (Allocation Failure) done
Event: 3188.469 Executing VM operation: ParallelGCFailedAllocation (Allocation Failure)
Event: 3188.476 Executing VM operation: ParallelGCFailedAllocation (Allocation Failure) done
Event: 3188.498 Executing VM operation: ParallelGCFailedAllocation (Allocation Failure)
Event: 3188.500 Executing VM operation: ParallelGCFailedAllocation (Allocation Failure) done

Memory protections (0 events):
No events

Nmethod flushes (20 events):
Event: 3170.797 Thread 0x000001f9732710a0 flushing  nmethod 0x000001f964262210
Event: 3170.797 Thread 0x000001f9732710a0 flushing  nmethod 0x000001f964268110
Event: 3170.797 Thread 0x000001f9732710a0 flushing  nmethod 0x000001f964271310
Event: 3170.797 Thread 0x000001f9732710a0 flushing  nmethod 0x000001f964283b10
Event: 3170.797 Thread 0x000001f9732710a0 flushing  nmethod 0x000001f964289790
Event: 3170.797 Thread 0x000001f9732710a0 flushing  nmethod 0x000001f9642b7f90
Event: 3170.797 Thread 0x000001f9732710a0 flushing  nmethod 0x000001f964305210
Event: 3170.797 Thread 0x000001f9732710a0 flushing  nmethod 0x000001f964322c10
Event: 3170.797 Thread 0x000001f9732710a0 flushing  nmethod 0x000001f964386e90
Event: 3170.797 Thread 0x000001f9732710a0 flushing  nmethod 0x000001f96438af90
Event: 3170.797 Thread 0x000001f9732710a0 flushing  nmethod 0x000001f9643a4790
Event: 3170.797 Thread 0x000001f9732710a0 flushing  nmethod 0x000001f9643a7190
Event: 3170.798 Thread 0x000001f9732710a0 flushing  nmethod 0x000001f9643a7a90
Event: 3170.798 Thread 0x000001f9732710a0 flushing  nmethod 0x000001f9643a8410
Event: 3170.798 Thread 0x000001f9732710a0 flushing  nmethod 0x000001f9643a8c10
Event: 3170.798 Thread 0x000001f9732710a0 flushing  nmethod 0x000001f9643af410
Event: 3170.798 Thread 0x000001f9732710a0 flushing  nmethod 0x000001f9643c4a10
Event: 3170.798 Thread 0x000001f9732710a0 flushing  nmethod 0x000001f9643c9490
Event: 3170.798 Thread 0x000001f9732710a0 flushing  nmethod 0x000001f9643cb690
Event: 3170.798 Thread 0x000001f9732710a0 flushing  nmethod 0x000001f964445910

Events (20 events):
Event: 3120.431 Thread 0x000001f97ee59330 Thread added: 0x000001f97ee54470
Event: 3120.480 Thread 0x000001f95dac4400 Thread added: 0x000001f97b1fcc00
Event: 3120.925 Thread 0x000001f97b1fcc00 Thread exited: 0x000001f97b1fcc00
Event: 3122.247 Thread 0x000001f95dac2ed0 Thread added: 0x000001f97b200950
Event: 3122.732 Thread 0x000001f97b200950 Thread exited: 0x000001f97b200950
Event: 3126.352 Thread 0x000001f97ee599c0 Thread added: 0x000001f97ee54b00
Event: 3126.352 Thread 0x000001f97ee55eb0 Thread added: 0x000001f97ee55820
Event: 3131.492 Thread 0x000001f979e89a80 Thread added: 0x000001f979e8ae30
Event: 3138.612 Thread 0x000001f979e89a80 Thread added: 0x000001f979e8dc20
Event: 3138.889 Thread 0x000001f979e8dc20 Thread added: 0x000001f979e90380
Event: 3138.942 Thread 0x000001f95dac4400 Thread added: 0x000001f97b1fcc00
Event: 3139.262 Thread 0x000001f97b1fcc00 Thread exited: 0x000001f97b1fcc00
Event: 3139.474 Thread 0x000001f95dac4400 Thread added: 0x000001f97a6b8ba0
Event: 3139.555 Thread 0x000001f97a6b8ba0 Thread added: 0x000001f97a6ba6e0
Event: 3139.963 Thread 0x000001f97a6ba6e0 Thread exited: 0x000001f97a6ba6e0
Event: 3141.410 Thread 0x000001f97a6b8ba0 Thread exited: 0x000001f97a6b8ba0
Event: 3149.782 Thread 0x000001f95dac4400 Thread added: 0x000001f97a6bbb50
Event: 3155.819 Thread 0x000001f97a6bbb50 Thread exited: 0x000001f97a6bbb50
Event: 3162.141 Thread 0x000001f95dac4400 Thread added: 0x000001f97a6b8ba0
Event: 3162.761 Thread 0x000001f97a6b8ba0 Thread exited: 0x000001f97a6b8ba0


Dynamic libraries:
0x00007ff6230a0000 - 0x00007ff6230ae000 	c:\Users\acer\.vscode\extensions\redhat.java-1.40.0-win32-x64\jre\21.0.6-win32-x86_64\bin\java.exe
0x00007ffac7910000 - 0x00007ffac7b27000 	C:\WINDOWS\SYSTEM32\ntdll.dll
0x00007ffac6ae0000 - 0x00007ffac6ba4000 	C:\WINDOWS\System32\KERNEL32.DLL
0x00007ffac5090000 - 0x00007ffac5460000 	C:\WINDOWS\System32\KERNELBASE.dll
0x00007ffac4f40000 - 0x00007ffac5051000 	C:\WINDOWS\System32\ucrtbase.dll
0x00007ffabea20000 - 0x00007ffabea3e000 	c:\Users\acer\.vscode\extensions\redhat.java-1.40.0-win32-x64\jre\21.0.6-win32-x86_64\bin\VCRUNTIME140.dll
0x00007ffabea40000 - 0x00007ffabea58000 	c:\Users\acer\.vscode\extensions\redhat.java-1.40.0-win32-x64\jre\21.0.6-win32-x86_64\bin\jli.dll
0x00007ffac6580000 - 0x00007ffac672e000 	C:\WINDOWS\System32\USER32.dll
0x00007ffaa3ab0000 - 0x00007ffaa3d42000 	C:\WINDOWS\WinSxS\amd64_microsoft.windows.common-controls_6595b64144ccf1df_6.0.22621.4830_none_270fe7d773858e80\COMCTL32.dll
0x00007ffac5460000 - 0x00007ffac5486000 	C:\WINDOWS\System32\win32u.dll
0x00007ffac6730000 - 0x00007ffac6759000 	C:\WINDOWS\System32\GDI32.dll
0x00007ffac6bb0000 - 0x00007ffac6c57000 	C:\WINDOWS\System32\msvcrt.dll
0x00007ffac4da0000 - 0x00007ffac4ebb000 	C:\WINDOWS\System32\gdi32full.dll
0x00007ffac4d00000 - 0x00007ffac4d9a000 	C:\WINDOWS\System32\msvcp_win.dll
0x00007ffac7600000 - 0x00007ffac7631000 	C:\WINDOWS\System32\IMM32.DLL
0x00007ffa99310000 - 0x00007ffa9931c000 	c:\Users\acer\.vscode\extensions\redhat.java-1.40.0-win32-x64\jre\21.0.6-win32-x86_64\bin\vcruntime140_1.dll
0x00007ffa82280000 - 0x00007ffa8230d000 	c:\Users\acer\.vscode\extensions\redhat.java-1.40.0-win32-x64\jre\21.0.6-win32-x86_64\bin\msvcp140.dll
0x00007ffa1a800000 - 0x00007ffa1b590000 	c:\Users\acer\.vscode\extensions\redhat.java-1.40.0-win32-x64\jre\21.0.6-win32-x86_64\bin\server\jvm.dll
0x00007ffac7780000 - 0x00007ffac7831000 	C:\WINDOWS\System32\ADVAPI32.dll
0x00007ffac5600000 - 0x00007ffac56a7000 	C:\WINDOWS\System32\sechost.dll
0x00007ffac5060000 - 0x00007ffac5088000 	C:\WINDOWS\System32\bcrypt.dll
0x00007ffac5b30000 - 0x00007ffac5c44000 	C:\WINDOWS\System32\RPCRT4.dll
0x00007ffac68e0000 - 0x00007ffac6951000 	C:\WINDOWS\System32\WS2_32.dll
0x00007ffac3a20000 - 0x00007ffac3a6d000 	C:\WINDOWS\SYSTEM32\POWRPROF.dll
0x00007ffac0b60000 - 0x00007ffac0b94000 	C:\WINDOWS\SYSTEM32\WINMM.dll
0x00007ffac0590000 - 0x00007ffac059a000 	C:\WINDOWS\SYSTEM32\VERSION.dll
0x00007ffac3a00000 - 0x00007ffac3a13000 	C:\WINDOWS\SYSTEM32\UMPDC.dll
0x00007ffac3cb0000 - 0x00007ffac3cc8000 	C:\WINDOWS\SYSTEM32\kernel.appcore.dll
0x00007ffa98c80000 - 0x00007ffa98c8a000 	c:\Users\acer\.vscode\extensions\redhat.java-1.40.0-win32-x64\jre\21.0.6-win32-x86_64\bin\jimage.dll
0x00007ffab2e10000 - 0x00007ffab3042000 	C:\WINDOWS\SYSTEM32\DBGHELP.DLL
0x00007ffac5c50000 - 0x00007ffac5fe0000 	C:\WINDOWS\System32\combase.dll
0x00007ffac76a0000 - 0x00007ffac7777000 	C:\WINDOWS\System32\OLEAUT32.dll
0x00007ffaaf6d0000 - 0x00007ffaaf702000 	C:\WINDOWS\SYSTEM32\dbgcore.DLL
0x00007ffac4c80000 - 0x00007ffac4cfb000 	C:\WINDOWS\System32\bcryptPrimitives.dll
0x00007ffa98c70000 - 0x00007ffa98c7f000 	c:\Users\acer\.vscode\extensions\redhat.java-1.40.0-win32-x64\jre\21.0.6-win32-x86_64\bin\instrument.dll
0x00007ffa91f20000 - 0x00007ffa91f3f000 	c:\Users\acer\.vscode\extensions\redhat.java-1.40.0-win32-x64\jre\21.0.6-win32-x86_64\bin\java.dll
0x00007ffac6c70000 - 0x00007ffac74e8000 	C:\WINDOWS\System32\SHELL32.dll
0x00007ffac2ad0000 - 0x00007ffac33e0000 	C:\WINDOWS\SYSTEM32\windows.storage.dll
0x00007ffac2990000 - 0x00007ffac2acf000 	C:\WINDOWS\SYSTEM32\wintypes.dll
0x00007ffac69d0000 - 0x00007ffac6ada000 	C:\WINDOWS\System32\SHCORE.dll
0x00007ffac6090000 - 0x00007ffac60ee000 	C:\WINDOWS\System32\shlwapi.dll
0x00007ffac4af0000 - 0x00007ffac4b1b000 	C:\WINDOWS\SYSTEM32\profapi.dll
0x00007ffa96080000 - 0x00007ffa96098000 	c:\Users\acer\.vscode\extensions\redhat.java-1.40.0-win32-x64\jre\21.0.6-win32-x86_64\bin\zip.dll
0x00007ffac1310000 - 0x00007ffac1320000 	C:\Users\acer\.vscode\extensions\redhat.java-1.40.0-win32-x64\jre\21.0.6-win32-x86_64\bin\net.dll
0x00007ffac0a30000 - 0x00007ffac0b5c000 	C:\WINDOWS\SYSTEM32\WINHTTP.dll
0x00007ffac4120000 - 0x00007ffac418a000 	C:\WINDOWS\system32\mswsock.dll
0x00007ffab7480000 - 0x00007ffab7496000 	C:\Users\acer\.vscode\extensions\redhat.java-1.40.0-win32-x64\jre\21.0.6-win32-x86_64\bin\nio.dll
0x00007ffac1300000 - 0x00007ffac1310000 	c:\Users\acer\.vscode\extensions\redhat.java-1.40.0-win32-x64\jre\21.0.6-win32-x86_64\bin\verify.dll
0x00007ffa98a20000 - 0x00007ffa98a65000 	C:\Users\acer\AppData\Roaming\Code\User\globalStorage\redhat.java\1.40.0\config_win\org.eclipse.equinox.launcher\org.eclipse.equinox.launcher.win32.win32.x86_64_1.2.1200.v20250212-0927\eclipse_11909.dll
0x00007ffac63c0000 - 0x00007ffac6561000 	C:\WINDOWS\System32\ole32.dll
0x00007ffac4470000 - 0x00007ffac448b000 	C:\WINDOWS\SYSTEM32\CRYPTSP.dll
0x00007ffac3c10000 - 0x00007ffac3c45000 	C:\WINDOWS\system32\rsaenh.dll
0x00007ffac41c0000 - 0x00007ffac41e8000 	C:\WINDOWS\SYSTEM32\USERENV.dll
0x00007ffac4450000 - 0x00007ffac445c000 	C:\WINDOWS\SYSTEM32\CRYPTBASE.dll
0x00007ffac36f0000 - 0x00007ffac371d000 	C:\WINDOWS\SYSTEM32\IPHLPAPI.DLL
0x00007ffac6c60000 - 0x00007ffac6c69000 	C:\WINDOWS\System32\NSI.dll
0x00007ffa81b00000 - 0x00007ffa81b49000 	C:\Users\acer\AppData\Local\Temp\jna-2988111\jna14219871663611698123.dll
0x00007ffac6960000 - 0x00007ffac6968000 	C:\WINDOWS\System32\PSAPI.DLL
0x00007ffac12e0000 - 0x00007ffac12f9000 	C:\WINDOWS\SYSTEM32\dhcpcsvc6.DLL
0x00007ffac0870000 - 0x00007ffac088f000 	C:\WINDOWS\SYSTEM32\dhcpcsvc.DLL
0x00007ffaa3240000 - 0x00007ffaa324e000 	C:\Users\acer\.vscode\extensions\redhat.java-1.40.0-win32-x64\jre\21.0.6-win32-x86_64\bin\sunmscapi.dll
0x00007ffac5490000 - 0x00007ffac55f6000 	C:\WINDOWS\System32\CRYPT32.dll
0x00007ffac4560000 - 0x00007ffac458d000 	C:\WINDOWS\SYSTEM32\ncrypt.dll
0x00007ffac4520000 - 0x00007ffac4557000 	C:\WINDOWS\SYSTEM32\NTASN1.dll
0x00007ffac3dc0000 - 0x00007ffac3df4000 	C:\WINDOWS\SYSTEM32\ntmarta.dll
0x00007ffabea90000 - 0x00007ffabea99000 	C:\Users\acer\.vscode\extensions\redhat.java-1.40.0-win32-x64\jre\21.0.6-win32-x86_64\bin\extnet.dll

dbghelp: loaded successfully - version: 4.0.5 - missing functions: none
symbol engine: initialized successfully - sym options: 0x614 - pdb path: .;c:\Users\acer\.vscode\extensions\redhat.java-1.40.0-win32-x64\jre\21.0.6-win32-x86_64\bin;C:\WINDOWS\SYSTEM32;C:\WINDOWS\WinSxS\amd64_microsoft.windows.common-controls_6595b64144ccf1df_6.0.22621.4830_none_270fe7d773858e80;c:\Users\acer\.vscode\extensions\redhat.java-1.40.0-win32-x64\jre\21.0.6-win32-x86_64\bin\server;C:\Users\acer\AppData\Roaming\Code\User\globalStorage\redhat.java\1.40.0\config_win\org.eclipse.equinox.launcher\org.eclipse.equinox.launcher.win32.win32.x86_64_1.2.1200.v20250212-0927;C:\Users\acer\AppData\Local\Temp\jna-2988111

VM Arguments:
jvm_args: --add-modules=ALL-SYSTEM --add-opens=java.base/java.util=ALL-UNNAMED --add-opens=java.base/java.lang=ALL-UNNAMED --add-opens=java.base/sun.nio.fs=ALL-UNNAMED -Declipse.application=org.eclipse.jdt.ls.core.id1 -Dosgi.bundles.defaultStartLevel=4 -Declipse.product=org.eclipse.jdt.ls.core.product -Djava.import.generatesMetadataFilesAtProjectRoot=false -DDetectVMInstallationsJob.disabled=true -Dfile.encoding=utf8 -XX:+UseParallelGC -XX:GCTimeRatio=4 -XX:AdaptiveSizePolicyWeight=90 -Dsun.zip.disableMemoryMapping=true -Xmx1G -Xms100m -Xlog:disable -javaagent:c:\Users\acer\.vscode\extensions\redhat.java-1.40.0-win32-x64\lombok\lombok-1.18.36.jar -XX:+HeapDumpOnOutOfMemoryError -XX:HeapDumpPath=c:\Users\acer\AppData\Roaming\Code\User\workspaceStorage\7d7a6dfd88779ba70d34c0ba246b529e\redhat.java -Daether.dependencyCollector.impl=bf 
java_command: c:\Users\acer\.vscode\extensions\redhat.java-1.40.0-win32-x64\server\plugins\org.eclipse.equinox.launcher_1.6.1000.v20250131-0606.jar -configuration c:\Users\acer\AppData\Roaming\Code\User\globalStorage\redhat.java\1.40.0\config_win -data c:\Users\acer\AppData\Roaming\Code\User\workspaceStorage\7d7a6dfd88779ba70d34c0ba246b529e\redhat.java\jdt_ws --pipe=\\.\pipe\lsp-5a02ef40ad238076e1710860a8b342ba-sock
java_class_path (initial): c:\Users\acer\.vscode\extensions\redhat.java-1.40.0-win32-x64\server\plugins\org.eclipse.equinox.launcher_1.6.1000.v20250131-0606.jar
Launcher Type: SUN_STANDARD

[Global flags]
    uintx AdaptiveSizePolicyWeight                 = 90                                        {product} {command line}
     intx CICompilerCount                          = 4                                         {product} {ergonomic}
    uintx GCTimeRatio                              = 4                                         {product} {command line}
     bool HeapDumpOnOutOfMemoryError               = true                                   {manageable} {command line}
    ccstr HeapDumpPath                             = c:\Users\acer\AppData\Roaming\Code\User\workspaceStorage\7d7a6dfd88779ba70d34c0ba246b529e\redhat.java         {manageable} {command line}
   size_t InitialHeapSize                          = 104857600                                 {product} {command line}
   size_t MaxHeapSize                              = 1073741824                                {product} {command line}
   size_t MaxNewSize                               = 357564416                                 {product} {ergonomic}
   size_t MinHeapDeltaBytes                        = 524288                                    {product} {ergonomic}
   size_t MinHeapSize                              = 104857600                                 {product} {command line}
   size_t NewSize                                  = 34603008                                  {product} {ergonomic}
    uintx NonNMethodCodeHeapSize                   = 5839372                                {pd product} {ergonomic}
    uintx NonProfiledCodeHeapSize                  = 122909434                              {pd product} {ergonomic}
   size_t OldSize                                  = 70254592                                  {product} {ergonomic}
    uintx ProfiledCodeHeapSize                     = 122909434                              {pd product} {ergonomic}
    uintx ReservedCodeCacheSize                    = 251658240                              {pd product} {ergonomic}
     bool SegmentedCodeCache                       = true                                      {product} {ergonomic}
   size_t SoftMaxHeapSize                          = 1073741824                             {manageable} {ergonomic}
     bool UseCompressedOops                        = true                           {product lp64_product} {ergonomic}
     bool UseLargePagesIndividualAllocation        = false                                  {pd product} {ergonomic}
     bool UseParallelGC                            = true                                      {product} {command line}

Logging:
Log output configuration:
 #0: stdout all=off uptime,level,tags foldmultilines=false
 #1: stderr all=off uptime,level,tags foldmultilines=false

Environment Variables:
PATH=C:\Program Files\Common Files\Oracle\Java\javapath;C:\Program Files (x86)\VMware\VMware Player\bin\;C:\Program Files (x86)\Common Files\Oracle\Java\javapath;C:\WINDOWS\system32;C:\WINDOWS;C:\WINDOWS\System32\Wbem;C:\WINDOWS\System32\WindowsPowerShell\v1.0\;C:\WINDOWS\System32\OpenSSH\;C:\Program Files\Microsoft SQL Server\Client SDK\ODBC\170\Tools\Binn\;C:\Program Files\Azure Data Studio\bin;C:\Program Files (x86)\Microsoft SQL Server\150\Tools\Binn\;C:\Program Files\Microsoft SQL Server\150\Tools\Binn\;C:\Program Files\Microsoft SQL Server\150\DTS\Binn\;C:\Program Files (x86)\Microsoft SQL Server\160\DTS\Binn\;C:\Program Files\dotnet\;C:\Users\acer\Downloads\sonar-scanner-cli-5.0.1.3006-windows\sonar-scanner-5.0.1.3006-windows\bin;C:\Program Files\Microsoft VS Code\bin;C:\Program Files\nodejs\;C:\Program Files\Git\cmd;C:\Program Files\Meld\;C:\Program Files\Docker\Docker\resources\bin;C:\Program Files\PuTTY\;C:\Program Files\Cloudflare\Cloudflare WARP\;C:\Program Files\PostgreSQL\17\bin;C:\Program Files\Amazon\AWSSAMCLI\bin\;C:\Program Files\Amazon\AWSSAMCLI\bin;C:\Program Files\Amazon\AWSCLIV2\;C:\Program Files\Amazon\AWSCLI\bin;C:\Program Files\Apache\Maven\bin;C:\Users\acer\vcpkg;C:\Program Files (x86)\Windows Kits\10\Windows Performance Toolkit\;C:\Users\acer\Downloads\winlibs-x86_64-posix-seh-gcc-14.2.0-llvm-19.1.1-mingw-w64ucrt-12.0.0-r2\mingw64\bin;C:\Users\acer\AppData\Local\Programs\Python\Launcher\;C:\Program Files\MySQL\MySQL Shell 8.0\bin\;C:\Users\acer\AppData\Local\Microsoft\WindowsApps;C:\Program Files\Azure Data Studio\bin;C:\Users\acer\AppData\Local\Programs\Microsoft VS Code\bin;C:\Users\acer\AppData\Local\GitHubDesktop\bin;C:\Users\acer\.dotnet\tools;C:\Users\acer\Downloads\sonar-scanner-cli-5.0.1.3006-windows\sonar-scanner-5.0.1.3006-windows\bin;C:\Users\acer\AppData\Roaming\npm;C:\Users\acer\AppData\Local\JetBrains\Toolbox\scripts;
USERNAME=acer
OS=Windows_NT
PROCESSOR_IDENTIFIER=AMD64 Family 25 Model 80 Stepping 0, AuthenticAMD
TMP=C:\Users\acer\AppData\Local\Temp
TEMP=C:\Users\acer\AppData\Local\Temp




Periodic native trim disabled

---------------  S Y S T E M  ---------------

OS:
 Windows 11 , 64 bit Build 22621 (10.0.22621.4830)
OS uptime: 0 days 1:15 hours
Hyper-V role detected

CPU: total 12 (initial active 12) (12 cores per cpu, 2 threads per core) family 25 model 80 stepping 0 microcode 0x0, cx8, cmov, fxsr, ht, mmx, 3dnowpref, sse, sse2, sse3, ssse3, sse4a, sse4.1, sse4.2, popcnt, lzcnt, tsc, tscinvbit, avx, avx2, aes, erms, clmul, bmi1, bmi2, adx, sha, fma, vzeroupper, clflush, clflushopt, hv, rdtscp, rdpid, fsrm, f16c, cet_ss
Processor Information for the first 12 processors :
  Max Mhz: 3301, Current Mhz: 3301, Mhz Limit: 3301

Memory: 4k page, system-wide physical 7532M (336M free)
TotalPageFile size 31084M (AvailPageFile size 42M)
current process WorkingSet (physical memory assigned to process): 467M, peak: 784M
current process commit charge ("private bytes"): 756M, peak: 1134M

vm_info: OpenJDK 64-Bit Server VM (21.0.6+7-LTS) for windows-amd64 JRE (21.0.6+7-LTS), built on 2025-01-21T00:00:00Z by "admin" with MS VC++ 17.7 (VS2022)

END.
